::1 - - [17/Jan/2022:20:58:58 -0300] "GET /planta.php?ap=3 HTTP/1.1" 200 1589
::1 - - [17/Jan/2022:20:58:58 -0300] "GET /foto.jpeg HTTP/1.1" 404 207
::1 - - [17/Jan/2022:20:59:00 -0300] "GET /home.php HTTP/1.1" 200 3639
::1 - - [17/Jan/2022:20:59:00 -0300] "GET /planta.php?ap=1 HTTP/1.1" 200 1606
::1 - - [17/Jan/2022:20:59:00 -0300] "GET /foto.jpeg HTTP/1.1" 404 207
::1 - - [17/Jan/2022:20:59:15 -0300] "GET /planta.php?ap=1 HTTP/1.1" 200 1606
::1 - - [17/Jan/2022:20:59:15 -0300] "GET /foto.jpeg HTTP/1.1" 404 207
::1 - - [17/Jan/2022:20:59:28 -0300] "GET /planta.php?ap=1 HTTP/1.1" 200 1606
::1 - - [17/Jan/2022:20:59:28 -0300] "GET /foto.jpeg HTTP/1.1" 404 207
::1 - - [17/Jan/2022:20:59:34 -0300] "GET / HTTP/1.1" 200 1715
::1 - - [17/Jan/2022:20:59:34 -0300] "GET /css/styles.css HTTP/1.1" 200 13335
::1 - - [17/Jan/2022:20:59:38 -0300] "POST /index.php HTTP/1.1" 302 1715
::1 - - [17/Jan/2022:20:59:38 -0300] "GET /home.php HTTP/1.1" 200 3639
::1 - - [17/Jan/2022:20:59:38 -0300] "GET /css/styles.css HTTP/1.1" 304 -
::1 - - [17/Jan/2022:20:59:39 -0300] "GET /planta.php?ap=1 HTTP/1.1" 200 1606
::1 - - [17/Jan/2022:20:59:39 -0300] "GET /css/styles.css HTTP/1.1" 304 -
::1 - - [17/Jan/2022:20:59:39 -0300] "GET /foto.jpeg HTTP/1.1" 404 207
::1 - - [17/Jan/2022:20:59:40 -0300] "GET /home.php HTTP/1.1" 200 3639
::1 - - [17/Jan/2022:20:59:41 -0300] "GET /planta.php?ap=2 HTTP/1.1" 200 1596
::1 - - [17/Jan/2022:20:59:41 -0300] "GET /css/styles.css HTTP/1.1" 304 -
::1 - - [17/Jan/2022:20:59:41 -0300] "GET /foto.jpeg HTTP/1.1" 404 207
::1 - - [17/Jan/2022:20:59:42 -0300] "GET /home.php HTTP/1.1" 200 3639
::1 - - [17/Jan/2022:20:59:43 -0300] "GET /planta.php?ap=3 HTTP/1.1" 200 1589
::1 - - [17/Jan/2022:20:59:43 -0300] "GET /css/styles.css HTTP/1.1" 304 -
::1 - - [17/Jan/2022:20:59:43 -0300] "GET /foto.jpeg HTTP/1.1" 404 207
::1 - - [17/Jan/2022:20:59:44 -0300] "GET /home.php HTTP/1.1" 200 3639
::1 - - [17/Jan/2022:21:01:09 -0300] "GET /home.php HTTP/1.1" 200 3639
::1 - - [17/Jan/2022:21:01:09 -0300] "GET /css/styles.css HTTP/1.1" 200 13289
::1 - - [17/Jan/2022:21:01:10 -0300] "GET /planta.php?ap=1 HTTP/1.1" 200 1606
::1 - - [17/Jan/2022:21:01:10 -0300] "GET /css/styles.css HTTP/1.1" 304 -
::1 - - [17/Jan/2022:21:01:10 -0300] "GET /foto.jpeg HTTP/1.1" 404 207
::1 - - [17/Jan/2022:21:01:39 -0300] "GET /planta.php?ap=1 HTTP/1.1" 200 1606
::1 - - [17/Jan/2022:21:01:39 -0300] "GET /foto.jpeg HTTP/1.1" 404 207
::1 - - [17/Jan/2022:21:01:39 -0300] "GET /css/styles.css HTTP/1.1" 200 13344
::1 - - [17/Jan/2022:21:01:52 -0300] "GET /planta.php?ap=1 HTTP/1.1" 200 1606
::1 - - [17/Jan/2022:21:01:52 -0300] "GET /foto.jpeg HTTP/1.1" 404 207
::1 - - [17/Jan/2022:21:01:52 -0300] "GET /css/styles.css HTTP/1.1" 200 13291
::1 - - [17/Jan/2022:21:02:12 -0300] "GET /planta.php?ap=1 HTTP/1.1" 200 1606
::1 - - [17/Jan/2022:21:02:12 -0300] "GET /foto.jpeg HTTP/1.1" 404 207
::1 - - [17/Jan/2022:21:02:12 -0300] "GET /css/styles.css HTTP/1.1" 200 13225
::1 - - [17/Jan/2022:21:02:17 -0300] "GET /home.php HTTP/1.1" 200 3639
::1 - - [17/Jan/2022:21:02:17 -0300] "GET /css/styles.css HTTP/1.1" 304 -
::1 - - [17/Jan/2022:21:02:18 -0300] "GET /adicionarplanta.php HTTP/1.1" 200 2023
::1 - - [17/Jan/2022:21:02:18 -0300] "GET /css/styles.css HTTP/1.1" 304 -
::1 - - [17/Jan/2022:21:03:10 -0300] "POST /adicionarplanta.php HTTP/1.1" 302 2182
::1 - - [17/Jan/2022:21:03:10 -0300] "GET /home.php HTTP/1.1" 200 3960
::1 - - [17/Jan/2022:21:03:10 -0300] "GET /css/styles.css HTTP/1.1" 304 -
::1 - - [17/Jan/2022:21:03:13 -0300] "GET /planta.php?ap=7 HTTP/1.1" 200 2689
::1 - - [17/Jan/2022:21:03:13 -0300] "GET /foto.jpeg HTTP/1.1" 404 207
::1 - - [17/Jan/2022:21:04:03 -0300] "GET /planta.php?ap=7 HTTP/1.1" 200 2689
::1 - - [17/Jan/2022:21:04:03 -0300] "GET /css/styles.css HTTP/1.1" 304 -
::1 - - [17/Jan/2022:21:04:03 -0300] "GET /foto.jpeg HTTP/1.1" 404 207
::1 - - [17/Jan/2022:21:04:07 -0300] "GET /home.php HTTP/1.1" 200 3960
::1 - - [17/Jan/2022:21:04:08 -0300] "GET /adicionarplanta.php HTTP/1.1" 200 2023
::1 - - [17/Jan/2022:21:04:19 -0300] "POST /adicionarplanta.php HTTP/1.1" 302 2182
::1 - - [17/Jan/2022:21:04:19 -0300] "GET /home.php HTTP/1.1" 200 4280
::1 - - [17/Jan/2022:21:04:19 -0300] "GET /css/styles.css HTTP/1.1" 304 -
::1 - - [17/Jan/2022:21:04:21 -0300] "GET /planta.php?ap=8 HTTP/1.1" 200 3127
::1 - - [17/Jan/2022:21:04:21 -0300] "GET /foto.jpeg HTTP/1.1" 404 207
::1 - - [17/Jan/2022:21:04:31 -0300] "GET /home.php HTTP/1.1" 200 4280
::1 - - [17/Jan/2022:21:04:32 -0300] "GET /adicionarplanta.php HTTP/1.1" 200 2023
::1 - - [17/Jan/2022:21:04:32 -0300] "GET /css/styles.css HTTP/1.1" 304 -
::1 - - [17/Jan/2022:21:04:43 -0300] "POST /adicionarplanta.php HTTP/1.1" 200 2065
::1 - - [17/Jan/2022:21:04:59 -0300] "POST /adicionarplanta.php HTTP/1.1" 302 2182
::1 - - [17/Jan/2022:21:04:59 -0300] "GET /home.php HTTP/1.1" 200 4597
::1 - - [17/Jan/2022:21:04:59 -0300] "GET /css/styles.css HTTP/1.1" 304 -
::1 - - [17/Jan/2022:21:05:01 -0300] "GET /planta.php?ap=9 HTTP/1.1" 200 2104
::1 - - [17/Jan/2022:21:05:01 -0300] "GET /foto.jpeg HTTP/1.1" 404 207
::1 - - [17/Jan/2022:21:05:19 -0300] "GET /home.php HTTP/1.1" 200 4597
::1 - - [17/Jan/2022:21:05:19 -0300] "GET /css/styles.css HTTP/1.1" 304 -
::1 - - [17/Jan/2022:21:05:20 -0300] "GET /adicionarplanta.php HTTP/1.1" 200 2023
::1 - - [17/Jan/2022:21:05:44 -0300] "POST /adicionarplanta.php HTTP/1.1" 302 2182
::1 - - [17/Jan/2022:21:05:44 -0300] "GET /home.php HTTP/1.1" 200 4917
::1 - - [17/Jan/2022:21:05:44 -0300] "GET /css/styles.css HTTP/1.1" 304 -
::1 - - [17/Jan/2022:21:05:46 -0300] "GET /planta.php?ap=10 HTTP/1.1" 200 2611
::1 - - [17/Jan/2022:21:05:46 -0300] "GET /foto.jpeg HTTP/1.1" 404 207
::1 - - [17/Jan/2022:21:06:17 -0300] "GET /home.php HTTP/1.1" 200 4917
::1 - - [17/Jan/2022:21:06:17 -0300] "GET /css/styles.css HTTP/1.1" 304 -
::1 - - [17/Jan/2022:21:06:18 -0300] "GET /planta.php?ap=1 HTTP/1.1" 200 1606
::1 - - [17/Jan/2022:21:06:18 -0300] "GET /foto.jpeg HTTP/1.1" 404 207
::1 - - [17/Jan/2022:21:09:44 -0300] "GET /home.php HTTP/1.1" 200 4917
::1 - - [17/Jan/2022:21:09:45 -0300] "GET /css/styles.css HTTP/1.1" 304 -
::1 - - [17/Jan/2022:21:09:47 -0300] "GET /planta.php?ap=10 HTTP/1.1" 200 2611
::1 - - [17/Jan/2022:21:09:47 -0300] "GET /foto.jpeg HTTP/1.1" 404 207
::1 - - [17/Jan/2022:21:09:50 -0300] "GET /home.php HTTP/1.1" 200 4917
::1 - - [17/Jan/2022:21:09:52 -0300] "GET /planta.php?ap=9 HTTP/1.1" 200 2104
::1 - - [17/Jan/2022:21:09:53 -0300] "GET /foto.jpeg HTTP/1.1" 404 207
::1 - - [17/Jan/2022:21:09:55 -0300] "GET /home.php HTTP/1.1" 200 4917
::1 - - [17/Jan/2022:21:09:57 -0300] "GET /adicionarplanta.php HTTP/1.1" 200 2023
::1 - - [17/Jan/2022:21:10:40 -0300] "POST /adicionarplanta.php HTTP/1.1" 302 2182
::1 - - [17/Jan/2022:21:10:40 -0300] "GET /home.php HTTP/1.1" 200 5241
::1 - - [17/Jan/2022:21:10:40 -0300] "GET /css/styles.css HTTP/1.1" 304 -
::1 - - [17/Jan/2022:21:10:42 -0300] "GET /planta.php?ap=11 HTTP/1.1" 200 4766
::1 - - [17/Jan/2022:21:10:42 -0300] "GET /foto.jpeg HTTP/1.1" 404 207
::1 - - [17/Jan/2022:21:11:09 -0300] "GET /home.php HTTP/1.1" 200 5241
::1 - - [17/Jan/2022:21:16:25 -0300] "GET /home.php HTTP/1.1" 200 5241
::1 - - [17/Jan/2022:21:16:25 -0300] "GET /css/styles.css HTTP/1.1" 304 -
::1 - - [17/Jan/2022:21:16:26 -0300] "GET /planta.php?ap=1 HTTP/1.1" 200 267
::1 - - [17/Jan/2022:21:16:56 -0300] "GET /planta.php?ap=1 HTTP/1.1" 200 267
::1 - - [17/Jan/2022:21:17:36 -0300] "GET /planta.php?ap=1 HTTP/1.1" 200 1610
::1 - - [17/Jan/2022:21:17:36 -0300] "GET /foto.jpeg HTTP/1.1" 404 207
::1 - - [17/Jan/2022:21:18:52 -0300] "GET /planta.php?ap=1 HTTP/1.1" 200 1687
::1 - - [17/Jan/2022:21:18:52 -0300] "GET /css/styles.css HTTP/1.1" 304 -
::1 - - [17/Jan/2022:21:18:52 -0300] "GET /foto.jpeg HTTP/1.1" 404 207
::1 - - [17/Jan/2022:21:18:54 -0300] "GET /home.php HTTP/1.1" 200 5241
::1 - - [17/Jan/2022:21:18:56 -0300] "GET /planta.php?ap=2 HTTP/1.1" 200 1677
::1 - - [17/Jan/2022:21:18:56 -0300] "GET /foto.jpeg HTTP/1.1" 404 207
::1 - - [17/Jan/2022:21:19:04 -0300] "GET /phpmyadmin/index.php?token=799d3b6d47cc87cae6c3b536fedcd412 HTTP/1.1" 200 8130
::1 - - [17/Jan/2022:21:19:04 -0300] "GET /phpmyadmin/sql.php?db=plantoterapia&table=planta&server=1&target=&token=799d3b6d47cc87cae6c3b536fedcd412 HTTP/1.1" 200 8263
::1 - - [17/Jan/2022:21:19:04 -0300] "GET /phpmyadmin/js/messages.php?lang=en&db=plantoterapia&token=799d3b6d47cc87cae6c3b536fedcd412 HTTP/1.1" 200 16679
::1 - - [17/Jan/2022:21:19:05 -0300] "GET /phpmyadmin/favicon.ico HTTP/1.1" 304 -
::1 - - [17/Jan/2022:21:19:06 -0300] "POST /phpmyadmin/index.php HTTP/1.1" 302 -
::1 - - [17/Jan/2022:21:19:06 -0300] "GET /phpmyadmin/index.php?db=plantoterapia&table=planta&target=sql.php&token=799d3b6d47cc87cae6c3b536fedcd412 HTTP/1.1" 200 26691
::1 - - [17/Jan/2022:21:19:06 -0300] "GET /phpmyadmin/js/get_scripts.js.php?scripts[]=jquery/jquery-1.8.3.js&scripts[]=ajax.js&scripts[]=keyhandler.js&scripts[]=jquery/jquery-ui-1.9.2.custom.js&scripts[]=jquery/jquery.sprintf.js&scripts[]=jquery/jquery.cookie.js&scripts[]=jquery/jquery.mousewheel.js&scripts[]=jquery/jquery.event.drag-2.2.js&scripts[]=jquery/jquery-ui-timepicker-addon.js&scripts[]=jquery/jquery.ba-hashchange-1.3.js&scripts[]=jquery/jquery.debounce-1.0.5.js&scripts[]=jquery/jquery.menuResizer-1.0.js&scripts[]=rte.js&scripts[]=functions.js&scripts[]=navigation.js&scripts[]=indexes.js&scripts[]=common.js&scripts[]=tbl_change.js&scripts[]=tbl_structure.js&scripts[]=gis_data_editor.js&scripts[]=makegrid.js&scripts[]=sql.js&scripts[]=codemirror/lib/codemirror.js&scripts[]=codemirror/mode/mysql/mysql.js HTTP/1.1" 200 635923
::1 - - [17/Jan/2022:21:19:06 -0300] "GET /phpmyadmin/js/messages.php?lang=en&db=plantoterapia&server=0&token=799d3b6d47cc87cae6c3b536fedcd412 HTTP/1.1" 200 16679
::1 - - [17/Jan/2022:21:19:07 -0300] "GET /phpmyadmin/index.php?ajax_request=1&recent_table=1&token=799d3b6d47cc87cae6c3b536fedcd412 HTTP/1.1" 200 222
::1 - - [17/Jan/2022:21:19:18 -0300] "GET /planta.php?ap=2 HTTP/1.1" 200 1677
::1 - - [17/Jan/2022:21:19:18 -0300] "GET /foto.jpeg HTTP/1.1" 404 207
::1 - - [17/Jan/2022:21:19:19 -0300] "GET /home.php HTTP/1.1" 200 5241
::1 - - [17/Jan/2022:21:19:21 -0300] "GET /planta.php?ap=2 HTTP/1.1" 200 1677
::1 - - [17/Jan/2022:21:19:21 -0300] "GET /foto.jpeg HTTP/1.1" 404 207
::1 - - [17/Jan/2022:21:19:22 -0300] "POST /planta.php HTTP/1.1" 302 3407
::1 - - [17/Jan/2022:21:19:22 -0300] "GET /home.php HTTP/1.1" 200 5241
::1 - - [17/Jan/2022:21:19:30 -0300] "GET /phpmyadmin/index.php?db=plantoterapia&table=planta&target=sql.php&token=799d3b6d47cc87cae6c3b536fedcd412 HTTP/1.1" 200 26691
::1 - - [17/Jan/2022:21:19:30 -0300] "GET /phpmyadmin/index.php?db=plantoterapia&table=planta&server=1&target=sql.php&token=799d3b6d47cc87cae6c3b536fedcd412 HTTP/1.1" 200 26656
::1 - - [17/Jan/2022:21:19:30 -0300] "GET /phpmyadmin/index.php?ajax_request=1&recent_table=1&token=799d3b6d47cc87cae6c3b536fedcd412 HTTP/1.1" 200 222
::1 - - [17/Jan/2022:21:20:13 -0300] "GET /home.php HTTP/1.1" 200 5241
::1 - - [17/Jan/2022:21:20:14 -0300] "GET /planta.php?ap=1 HTTP/1.1" 200 1687
::1 - - [17/Jan/2022:21:20:14 -0300] "GET /foto.jpeg HTTP/1.1" 404 207
::1 - - [17/Jan/2022:21:20:15 -0300] "GET /home.php HTTP/1.1" 200 5241
::1 - - [17/Jan/2022:21:20:16 -0300] "GET /planta.php?ap=2 HTTP/1.1" 200 1677
::1 - - [17/Jan/2022:21:20:16 -0300] "GET /foto.jpeg HTTP/1.1" 404 207
::1 - - [17/Jan/2022:21:20:17 -0300] "POST /planta.php HTTP/1.1" 302 4268
::1 - - [17/Jan/2022:21:20:17 -0300] "GET /home.php HTTP/1.1" 200 5241
::1 - - [17/Jan/2022:21:20:23 -0300] "GET /phpmyadmin/index.php?db=plantoterapia&table=planta&server=1&target=sql.php&token=799d3b6d47cc87cae6c3b536fedcd412 HTTP/1.1" 200 26656
::1 - - [17/Jan/2022:21:20:23 -0300] "GET /phpmyadmin/index.php?db=plantoterapia&table=planta&server=1&target=sql.php&token=799d3b6d47cc87cae6c3b536fedcd412 HTTP/1.1" 200 26656
::1 - - [17/Jan/2022:21:20:23 -0300] "GET /phpmyadmin/index.php?ajax_request=1&recent_table=1&token=799d3b6d47cc87cae6c3b536fedcd412 HTTP/1.1" 200 222
::1 - - [17/Jan/2022:21:20:59 -0300] "GET /home.php HTTP/1.1" 200 5241
::1 - - [17/Jan/2022:21:20:59 -0300] "GET /css/styles.css HTTP/1.1" 304 -
::1 - - [17/Jan/2022:21:21:00 -0300] "GET /planta.php?ap=1 HTTP/1.1" 200 1687
::1 - - [17/Jan/2022:21:21:00 -0300] "GET /foto.jpeg HTTP/1.1" 404 207
::1 - - [17/Jan/2022:21:21:01 -0300] "POST /planta.php HTTP/1.1" 302 4425
::1 - - [17/Jan/2022:21:21:01 -0300] "GET /home.php HTTP/1.1" 200 5241
::1 - - [17/Jan/2022:21:21:02 -0300] "GET /planta.php?ap=1 HTTP/1.1" 200 1687
::1 - - [17/Jan/2022:21:21:02 -0300] "GET /foto.jpeg HTTP/1.1" 404 207
::1 - - [17/Jan/2022:21:21:11 -0300] "GET /planta.php?ap=1 HTTP/1.1" 200 1687
::1 - - [17/Jan/2022:21:21:11 -0300] "GET /foto.jpeg HTTP/1.1" 404 207
::1 - - [17/Jan/2022:21:21:12 -0300] "POST /planta.php HTTP/1.1" 200 4425
::1 - - [17/Jan/2022:21:21:12 -0300] "GET /foto.jpeg HTTP/1.1" 404 207
::1 - - [17/Jan/2022:21:21:29 -0300] "GET /phpmyadmin/index.php?db=plantoterapia&table=planta&server=1&target=sql.php&token=799d3b6d47cc87cae6c3b536fedcd412 HTTP/1.1" 200 26656
::1 - - [17/Jan/2022:21:21:30 -0300] "GET /phpmyadmin/index.php?db=plantoterapia&table=planta&server=1&target=sql.php&token=799d3b6d47cc87cae6c3b536fedcd412 HTTP/1.1" 200 26656
::1 - - [17/Jan/2022:21:21:30 -0300] "GET /phpmyadmin/index.php?ajax_request=1&recent_table=1&token=799d3b6d47cc87cae6c3b536fedcd412 HTTP/1.1" 200 222
::1 - - [17/Jan/2022:21:21:33 -0300] "GET /planta.php HTTP/1.1" 200 3260
::1 - - [17/Jan/2022:21:21:34 -0300] "GET /foto.jpeg HTTP/1.1" 404 207
::1 - - [17/Jan/2022:21:21:36 -0300] "GET /planta.php?ap=1 HTTP/1.1" 200 1687
::1 - - [17/Jan/2022:21:21:38 -0300] "POST /planta.php HTTP/1.1" 200 4425
::1 - - [17/Jan/2022:21:21:38 -0300] "GET /foto.jpeg HTTP/1.1" 404 207
::1 - - [17/Jan/2022:21:22:13 -0300] "GET /phpmyadmin/tbl_sql.php?db=plantoterapia&table=planta&token=799d3b6d47cc87cae6c3b536fedcd412&ajax_request=true&ajax_page_request=true&menuHashes=539babb0&_nocache=1642465333751404092 HTTP/1.1" 200 8422
::1 - - [17/Jan/2022:21:22:14 -0300] "GET /phpmyadmin/index.php?ajax_request=1&recent_table=1&token=799d3b6d47cc87cae6c3b536fedcd412 HTTP/1.1" 200 222
::1 - - [17/Jan/2022:21:22:27 -0300] "GET /planta.php HTTP/1.1" 200 3260
::1 - - [17/Jan/2022:21:22:27 -0300] "GET /foto.jpeg HTTP/1.1" 404 207
::1 - - [17/Jan/2022:21:22:28 -0300] "GET /planta.php?ap=1 HTTP/1.1" 200 1687
::1 - - [17/Jan/2022:21:22:31 -0300] "GET /home.php HTTP/1.1" 200 5241
::1 - - [17/Jan/2022:21:22:31 -0300] "GET /planta.php?ap=2 HTTP/1.1" 200 1677
::1 - - [17/Jan/2022:21:22:31 -0300] "GET /foto.jpeg HTTP/1.1" 404 207
::1 - - [17/Jan/2022:21:22:32 -0300] "POST /planta.php HTTP/1.1" 302 4425
::1 - - [17/Jan/2022:21:22:33 -0300] "GET /home.php HTTP/1.1" 200 5241
::1 - - [17/Jan/2022:21:22:54 -0300] "POST /phpmyadmin/import.php HTTP/1.1" 200 2197
::1 - - [17/Jan/2022:21:22:56 -0300] "GET /phpmyadmin/tbl_sql.php?db=plantoterapia&table=planta&token=799d3b6d47cc87cae6c3b536fedcd412&ajax_request=true&ajax_page_request=true&menuHashes=539babb0-3808ca9b&_nocache=164246537681339698 HTTP/1.1" 200 5328
::1 - - [17/Jan/2022:21:22:56 -0300] "GET /phpmyadmin/index.php?ajax_request=1&recent_table=1&token=799d3b6d47cc87cae6c3b536fedcd412 HTTP/1.1" 200 222
::1 - - [17/Jan/2022:21:22:59 -0300] "GET /phpmyadmin/db_structure.php?db=plantoterapia&token=799d3b6d47cc87cae6c3b536fedcd412&ajax_request=true&ajax_page_request=true&menuHashes=539babb0-3808ca9b&_nocache=164246537900459536 HTTP/1.1" 200 20968
::1 - - [17/Jan/2022:21:22:59 -0300] "GET /phpmyadmin/js/get_scripts.js.php?scripts[]=db_structure.js HTTP/1.1" 200 5367
::1 - - [17/Jan/2022:21:23:00 -0300] "GET /phpmyadmin/sql.php?db=plantoterapia&token=799d3b6d47cc87cae6c3b536fedcd412&goto=db_structure.php&table=planta&pos=0&ajax_request=true&ajax_page_request=true&menuHashes=539babb0-3808ca9b-c04eb036&_nocache=1642465380038261955 HTTP/1.1" 200 19799
::1 - - [17/Jan/2022:21:23:00 -0300] "GET /phpmyadmin/index.php?ajax_request=1&recent_table=1&token=799d3b6d47cc87cae6c3b536fedcd412 HTTP/1.1" 200 222
::1 - - [17/Jan/2022:21:24:04 -0300] "GET /planta.php?ap=2 HTTP/1.1" 200 1659
::1 - - [17/Jan/2022:21:24:05 -0300] "GET /home.php HTTP/1.1" 200 4908
::1 - - [17/Jan/2022:21:24:06 -0300] "GET /planta.php?ap=2 HTTP/1.1" 200 1659
::1 - - [17/Jan/2022:21:24:06 -0300] "GET /css/styles.css HTTP/1.1" 304 -
::1 - - [17/Jan/2022:21:24:06 -0300] "GET /foto.jpeg HTTP/1.1" 404 207
::1 - - [17/Jan/2022:21:24:09 -0300] "GET /home.php HTTP/1.1" 200 4908
::1 - - [17/Jan/2022:21:24:10 -0300] "GET /planta.php?ap=1 HTTP/1.1" 200 1688
::1 - - [17/Jan/2022:21:24:10 -0300] "GET /foto.jpeg HTTP/1.1" 404 207
::1 - - [17/Jan/2022:21:24:12 -0300] "POST /planta.php HTTP/1.1" 200 4282
::1 - - [17/Jan/2022:21:24:12 -0300] "GET /foto.jpeg HTTP/1.1" 404 207
::1 - - [17/Jan/2022:21:24:15 -0300] "GET /planta.php?ap=1 HTTP/1.1" 200 1688
::1 - - [17/Jan/2022:21:24:16 -0300] "GET /home.php HTTP/1.1" 200 4908
::1 - - [17/Jan/2022:21:24:31 -0300] "GET /home.php HTTP/1.1" 200 4908
::1 - - [17/Jan/2022:21:24:34 -0300] "GET /adicionarplanta.php HTTP/1.1" 200 2023
::1 - - [17/Jan/2022:21:24:56 -0300] "GET /phpmyadmin/tbl_sql.php?db=plantoterapia&table=planta&token=799d3b6d47cc87cae6c3b536fedcd412&ajax_request=true&ajax_page_request=true&menuHashes=539babb0-3808ca9b-c04eb036-985bb820&_nocache=1642465496316946946 HTTP/1.1" 200 5328
::1 - - [17/Jan/2022:21:24:56 -0300] "GET /phpmyadmin/index.php?ajax_request=1&recent_table=1&token=799d3b6d47cc87cae6c3b536fedcd412 HTTP/1.1" 200 222
::1 - - [17/Jan/2022:21:25:07 -0300] "POST /phpmyadmin/import.php HTTP/1.1" 200 1689
::1 - - [17/Jan/2022:21:25:10 -0300] "GET /adicionarplanta.php HTTP/1.1" 200 2023
::1 - - [17/Jan/2022:21:25:11 -0300] "GET /home.php HTTP/1.1" 200 1714
::1 - - [17/Jan/2022:21:25:13 -0300] "GET /adicionarplanta.php HTTP/1.1" 200 2023
::1 - - [17/Jan/2022:21:25:20 -0300] "POST /adicionarplanta.php HTTP/1.1" 302 2182
::1 - - [17/Jan/2022:21:25:20 -0300] "GET /home.php HTTP/1.1" 200 2033
::1 - - [17/Jan/2022:21:25:22 -0300] "GET /planta.php?ap=1 HTTP/1.1" 200 1670
::1 - - [17/Jan/2022:21:25:22 -0300] "GET /foto.jpeg HTTP/1.1" 404 207
::1 - - [17/Jan/2022:21:25:24 -0300] "POST /planta.php HTTP/1.1" 200 1970
::1 - - [17/Jan/2022:21:25:25 -0300] "GET /foto.jpeg HTTP/1.1" 404 207
::1 - - [17/Jan/2022:21:25:53 -0300] "GET /phpmyadmin/tbl_sql.php?db=plantoterapia&table=planta&token=799d3b6d47cc87cae6c3b536fedcd412&ajax_request=true&ajax_page_request=true&menuHashes=539babb0-3808ca9b-c04eb036-985bb820&_nocache=1642465553746544413 HTTP/1.1" 200 5328
::1 - - [17/Jan/2022:21:25:53 -0300] "GET /phpmyadmin/index.php?ajax_request=1&recent_table=1&token=799d3b6d47cc87cae6c3b536fedcd412 HTTP/1.1" 200 222
::1 - - [17/Jan/2022:21:25:56 -0300] "GET /phpmyadmin/sql.php?db=plantoterapia&table=planta&token=799d3b6d47cc87cae6c3b536fedcd412&ajax_request=true&ajax_page_request=true&menuHashes=539babb0-3808ca9b-c04eb036-985bb820&_nocache=16424655560473623 HTTP/1.1" 200 13147
::1 - - [17/Jan/2022:21:25:56 -0300] "GET /phpmyadmin/index.php?ajax_request=1&recent_table=1&token=799d3b6d47cc87cae6c3b536fedcd412 HTTP/1.1" 200 222
::1 - - [17/Jan/2022:21:26:28 -0300] "GET /planta.php?ap=1 HTTP/1.1" 200 1670
::1 - - [17/Jan/2022:21:26:30 -0300] "GET /home.php HTTP/1.1" 200 2033
::1 - - [17/Jan/2022:21:26:30 -0300] "GET /css/styles.css HTTP/1.1" 304 -
::1 - - [17/Jan/2022:21:26:31 -0300] "GET /planta.php?ap=1 HTTP/1.1" 200 1670
::1 - - [17/Jan/2022:21:26:31 -0300] "GET /foto.jpeg HTTP/1.1" 404 207
::1 - - [17/Jan/2022:21:26:33 -0300] "POST /planta.php HTTP/1.1" 200 1970
::1 - - [17/Jan/2022:21:26:34 -0300] "GET /foto.jpeg HTTP/1.1" 404 207
::1 - - [17/Jan/2022:21:26:57 -0300] "GET /planta.php?ap=1 HTTP/1.1" 200 1670
::1 - - [17/Jan/2022:21:26:59 -0300] "GET /home.php HTTP/1.1" 200 2033
::1 - - [17/Jan/2022:21:26:59 -0300] "GET /planta.php?ap=1 HTTP/1.1" 200 1670
::1 - - [17/Jan/2022:21:26:59 -0300] "GET /foto.jpeg HTTP/1.1" 404 207
::1 - - [17/Jan/2022:21:27:01 -0300] "POST /planta.php HTTP/1.1" 302 1970
::1 - - [17/Jan/2022:21:27:01 -0300] "GET /home.php HTTP/1.1" 200 2033
::1 - - [17/Jan/2022:21:27:03 -0300] "GET /phpmyadmin/index.php?db=plantoterapia&table=planta&server=1&target=sql.php&token=799d3b6d47cc87cae6c3b536fedcd412 HTTP/1.1" 200 23149
::1 - - [17/Jan/2022:21:27:04 -0300] "GET /phpmyadmin/sql.php?db=plantoterapia&table=planta&server=1&target=&token=799d3b6d47cc87cae6c3b536fedcd412 HTTP/1.1" 200 23152
::1 - - [17/Jan/2022:21:27:04 -0300] "GET /phpmyadmin/index.php?ajax_request=1&recent_table=1&token=799d3b6d47cc87cae6c3b536fedcd412 HTTP/1.1" 200 222
::1 - - [17/Jan/2022:21:27:19 -0300] "GET /planta.php?ap=1 HTTP/1.1" 200 1670
::1 - - [17/Jan/2022:21:27:19 -0300] "GET /foto.jpeg HTTP/1.1" 404 207
::1 - - [17/Jan/2022:21:27:20 -0300] "POST /planta.php HTTP/1.1" 302 1970
::1 - - [17/Jan/2022:21:27:20 -0300] "GET /home.php HTTP/1.1" 200 2033
::1 - - [17/Jan/2022:21:28:45 -0300] "GET /home.php HTTP/1.1" 200 2033
::1 - - [17/Jan/2022:21:28:46 -0300] "GET /planta.php?ap=1 HTTP/1.1" 200 1670
::1 - - [17/Jan/2022:21:28:46 -0300] "GET /foto.jpeg HTTP/1.1" 404 207
::1 - - [17/Jan/2022:21:28:47 -0300] "POST /planta.php HTTP/1.1" 302 1813
::1 - - [17/Jan/2022:21:28:47 -0300] "GET /home.php HTTP/1.1" 200 2033
::1 - - [17/Jan/2022:21:28:57 -0300] "GET /planta.php?ap=1 HTTP/1.1" 200 1670
::1 - - [17/Jan/2022:21:28:57 -0300] "GET /css/styles.css HTTP/1.1" 304 -
::1 - - [17/Jan/2022:21:28:57 -0300] "GET /foto.jpeg HTTP/1.1" 404 207
::1 - - [17/Jan/2022:21:28:59 -0300] "POST /planta.php HTTP/1.1" 302 1813
::1 - - [17/Jan/2022:21:28:59 -0300] "GET /home.php HTTP/1.1" 200 2033
::1 - - [17/Jan/2022:21:29:00 -0300] "GET /planta.php?ap=1 HTTP/1.1" 200 1670
::1 - - [17/Jan/2022:21:29:00 -0300] "GET /foto.jpeg HTTP/1.1" 404 207
::1 - - [17/Jan/2022:21:29:01 -0300] "POST /planta.php HTTP/1.1" 302 1813
::1 - - [17/Jan/2022:21:29:02 -0300] "GET /home.php HTTP/1.1" 200 2033
::1 - - [17/Jan/2022:21:29:09 -0300] "GET /planta.php?ap=1 HTTP/1.1" 200 1670
::1 - - [17/Jan/2022:21:29:09 -0300] "GET /foto.jpeg HTTP/1.1" 404 207
::1 - - [17/Jan/2022:21:29:10 -0300] "POST /planta.php HTTP/1.1" 302 1801
::1 - - [17/Jan/2022:21:29:10 -0300] "GET /home.php HTTP/1.1" 200 1714
::1 - - [17/Jan/2022:21:29:31 -0300] "GET /adicionarplanta.php HTTP/1.1" 200 2023
::1 - - [17/Jan/2022:21:29:37 -0300] "POST /adicionarplanta.php HTTP/1.1" 302 2182
::1 - - [17/Jan/2022:21:29:37 -0300] "GET /home.php HTTP/1.1" 200 2033
::1 - - [17/Jan/2022:21:29:38 -0300] "GET /planta.php?ap=1 HTTP/1.1" 200 1668
::1 - - [17/Jan/2022:21:29:38 -0300] "GET /foto.jpeg HTTP/1.1" 404 207
::1 - - [17/Jan/2022:21:29:46 -0300] "POST /planta.php HTTP/1.1" 302 1967
::1 - - [17/Jan/2022:21:29:46 -0300] "GET /home.php HTTP/1.1" 200 2033
::1 - - [17/Jan/2022:21:29:47 -0300] "GET /planta.php?ap=1 HTTP/1.1" 200 1668
::1 - - [17/Jan/2022:21:29:47 -0300] "GET /foto.jpeg HTTP/1.1" 404 207
::1 - - [17/Jan/2022:21:29:55 -0300] "GET /home.php HTTP/1.1" 200 2033
::1 - - [17/Jan/2022:21:29:57 -0300] "GET /adicionarplanta.php HTTP/1.1" 200 2023
::1 - - [17/Jan/2022:21:30:04 -0300] "POST /adicionarplanta.php HTTP/1.1" 302 2182
::1 - - [17/Jan/2022:21:30:04 -0300] "GET /home.php HTTP/1.1" 200 2354
::1 - - [17/Jan/2022:21:30:06 -0300] "GET /planta.php?ap=2 HTTP/1.1" 200 1675
::1 - - [17/Jan/2022:21:30:06 -0300] "GET /foto.jpeg HTTP/1.1" 404 207
::1 - - [17/Jan/2022:21:30:08 -0300] "POST /planta.php HTTP/1.1" 302 2117
::1 - - [17/Jan/2022:21:30:08 -0300] "GET /home.php HTTP/1.1" 200 2354
::1 - - [17/Jan/2022:21:30:09 -0300] "GET /planta.php?ap=2 HTTP/1.1" 200 1675
::1 - - [17/Jan/2022:21:30:09 -0300] "GET /foto.jpeg HTTP/1.1" 404 207
::1 - - [17/Jan/2022:21:30:21 -0300] "GET /planta.php?ap=2 HTTP/1.1" 200 162
::1 - - [17/Jan/2022:21:30:33 -0300] "GET /planta.php?ap=2 HTTP/1.1" 200 1681
::1 - - [17/Jan/2022:21:30:33 -0300] "GET /foto.jpeg HTTP/1.1" 404 207
::1 - - [17/Jan/2022:21:31:10 -0300] "GET /planta.php?ap=2 HTTP/1.1" 200 1681
::1 - - [17/Jan/2022:21:31:10 -0300] "GET /foto.jpeg HTTP/1.1" 404 207
::1 - - [17/Jan/2022:21:31:11 -0300] "POST /planta.php HTTP/1.1" 302 2278
::1 - - [17/Jan/2022:21:31:11 -0300] "GET /home.php HTTP/1.1" 200 2354
::1 - - [17/Jan/2022:21:31:22 -0300] "GET /planta.php?ap=1 HTTP/1.1" 200 1674
::1 - - [17/Jan/2022:21:31:22 -0300] "GET /foto.jpeg HTTP/1.1" 404 207
::1 - - [17/Jan/2022:21:32:44 -0300] "GET /planta.php?ap=1 HTTP/1.1" 200 1667
::1 - - [17/Jan/2022:21:32:44 -0300] "GET /css/styles.css HTTP/1.1" 304 -
::1 - - [17/Jan/2022:21:32:44 -0300] "GET /foto.jpeg HTTP/1.1" 404 207
::1 - - [17/Jan/2022:21:32:46 -0300] "POST /planta.php HTTP/1.1" 302 2110
::1 - - [17/Jan/2022:21:32:46 -0300] "GET /home.php HTTP/1.1" 200 2354
::1 - - [17/Jan/2022:21:32:47 -0300] "GET /planta.php?ap=1 HTTP/1.1" 200 1667
::1 - - [17/Jan/2022:21:32:47 -0300] "GET /foto.jpeg HTTP/1.1" 404 207
::1 - - [17/Jan/2022:21:32:48 -0300] "POST /planta.php HTTP/1.1" 302 2110
::1 - - [17/Jan/2022:21:32:48 -0300] "GET /home.php HTTP/1.1" 200 2354
::1 - - [17/Jan/2022:21:33:09 -0300] "GET /home.php HTTP/1.1" 200 2354
::1 - - [17/Jan/2022:21:33:11 -0300] "GET /planta.php?ap=1 HTTP/1.1" 200 1673
::1 - - [17/Jan/2022:21:33:11 -0300] "GET /foto.jpeg HTTP/1.1" 404 207
::1 - - [17/Jan/2022:21:34:40 -0300] "GET /planta.php?ap=1 HTTP/1.1" 200 1667
::1 - - [17/Jan/2022:21:34:40 -0300] "GET /foto.jpeg HTTP/1.1" 404 207
::1 - - [17/Jan/2022:21:34:42 -0300] "POST /planta.php HTTP/1.1" 302 2110
::1 - - [17/Jan/2022:21:34:42 -0300] "GET /home.php HTTP/1.1" 200 2354
::1 - - [17/Jan/2022:21:34:43 -0300] "GET /planta.php?ap=1 HTTP/1.1" 200 1667
::1 - - [17/Jan/2022:21:34:43 -0300] "GET /foto.jpeg HTTP/1.1" 404 207
::1 - - [17/Jan/2022:21:34:44 -0300] "POST /planta.php HTTP/1.1" 302 2110
::1 - - [17/Jan/2022:21:34:44 -0300] "GET /home.php HTTP/1.1" 200 2354
::1 - - [17/Jan/2022:21:35:23 -0300] "GET /planta.php?ap=1 HTTP/1.1" 200 1667
::1 - - [17/Jan/2022:21:35:23 -0300] "GET /foto.jpeg HTTP/1.1" 404 207
::1 - - [17/Jan/2022:21:35:25 -0300] "POST /planta.php HTTP/1.1" 302 1944
::1 - - [17/Jan/2022:21:35:25 -0300] "GET /home.php HTTP/1.1" 200 2027
::1 - - [17/Jan/2022:21:35:30 -0300] "GET /phpmyadmin/sql.php?db=plantoterapia&table=planta&server=1&target=&token=799d3b6d47cc87cae6c3b536fedcd412 HTTP/1.1" 200 23156
::1 - - [17/Jan/2022:21:35:30 -0300] "GET /phpmyadmin/sql.php?db=plantoterapia&table=planta&server=1&target=&token=799d3b6d47cc87cae6c3b536fedcd412 HTTP/1.1" 200 23156
::1 - - [17/Jan/2022:21:35:30 -0300] "GET /phpmyadmin/index.php?ajax_request=1&recent_table=1&token=799d3b6d47cc87cae6c3b536fedcd412 HTTP/1.1" 200 222
::1 - - [17/Jan/2022:21:35:41 -0300] "GET /planta.php?ap=1 HTTP/1.1" 200 1658
::1 - - [17/Jan/2022:21:35:41 -0300] "GET /foto.jpeg HTTP/1.1" 404 207
::1 - - [17/Jan/2022:21:35:43 -0300] "POST /planta.php HTTP/1.1" 302 1801
::1 - - [17/Jan/2022:21:35:43 -0300] "GET /home.php HTTP/1.1" 200 1714
::1 - - [17/Jan/2022:21:36:01 -0300] "GET /adicionarplanta.php HTTP/1.1" 200 2023
::1 - - [17/Jan/2022:21:36:01 -0300] "GET /css/styles.css HTTP/1.1" 304 -
::1 - - [17/Jan/2022:21:36:09 -0300] "POST /adicionarplanta.php HTTP/1.1" 302 2182
::1 - - [17/Jan/2022:21:36:09 -0300] "GET /home.php HTTP/1.1" 200 2033
::1 - - [17/Jan/2022:21:36:10 -0300] "GET /planta.php?ap=1 HTTP/1.1" 200 1678
::1 - - [17/Jan/2022:21:36:10 -0300] "GET /foto.jpeg HTTP/1.1" 404 207
::1 - - [17/Jan/2022:21:36:12 -0300] "POST /planta.php HTTP/1.1" 302 1978
::1 - - [17/Jan/2022:21:36:12 -0300] "GET /home.php HTTP/1.1" 200 2033
::1 - - [17/Jan/2022:21:37:03 -0300] "GET /home.php HTTP/1.1" 200 2033
::1 - - [17/Jan/2022:21:37:04 -0300] "GET /planta.php?ap=1 HTTP/1.1" 200 2538
::1 - - [17/Jan/2022:21:37:04 -0300] "GET /foto.jpeg HTTP/1.1" 404 207
::1 - - [17/Jan/2022:21:37:06 -0300] "POST /planta.php HTTP/1.1" 302 2838
::1 - - [17/Jan/2022:21:37:06 -0300] "GET /home.php HTTP/1.1" 200 2033
::1 - - [17/Jan/2022:21:37:22 -0300] "GET /home.php HTTP/1.1" 200 2033
::1 - - [17/Jan/2022:21:37:24 -0300] "GET /planta.php?ap=1 HTTP/1.1" 200 1678
::1 - - [17/Jan/2022:21:37:24 -0300] "GET /foto.jpeg HTTP/1.1" 404 207
::1 - - [17/Jan/2022:21:37:25 -0300] "POST /planta.php HTTP/1.1" 302 2838
::1 - - [17/Jan/2022:21:37:25 -0300] "GET /home.php HTTP/1.1" 200 2033
::1 - - [17/Jan/2022:21:37:29 -0300] "GET /planta.php?ap=1 HTTP/1.1" 200 1678
::1 - - [17/Jan/2022:21:37:29 -0300] "GET /foto.jpeg HTTP/1.1" 404 207
::1 - - [17/Jan/2022:21:37:30 -0300] "POST /planta.php HTTP/1.1" 302 2838
::1 - - [17/Jan/2022:21:37:30 -0300] "GET /home.php HTTP/1.1" 200 2033
::1 - - [17/Jan/2022:21:38:05 -0300] "GET /home.php HTTP/1.1" 200 2033
::1 - - [17/Jan/2022:21:38:06 -0300] "GET /planta.php?ap=1 HTTP/1.1" 200 1678
::1 - - [17/Jan/2022:21:38:06 -0300] "GET /foto.jpeg HTTP/1.1" 404 207
::1 - - [17/Jan/2022:21:38:07 -0300] "POST /planta.php HTTP/1.1" 302 2681
::1 - - [17/Jan/2022:21:38:07 -0300] "GET /home.php HTTP/1.1" 200 1714
::1 - - [17/Jan/2022:21:42:46 -0300] "GET /home.php HTTP/1.1" 200 1714
::1 - - [17/Jan/2022:21:42:47 -0300] "GET /css/styles.css HTTP/1.1" 304 -
::1 - - [17/Jan/2022:21:42:48 -0300] "GET /home.php HTTP/1.1" 200 1714
::1 - - [17/Jan/2022:21:42:49 -0300] "GET /adicionarplanta.php HTTP/1.1" 200 2023
::1 - - [17/Jan/2022:21:42:56 -0300] "POST /adicionarplanta.php HTTP/1.1" 302 2182
::1 - - [17/Jan/2022:21:42:56 -0300] "GET /home.php HTTP/1.1" 200 2035
::1 - - [17/Jan/2022:21:42:59 -0300] "GET /adicionarplanta.php HTTP/1.1" 200 2023
::1 - - [17/Jan/2022:21:43:07 -0300] "POST /adicionarplanta.php HTTP/1.1" 302 2182
::1 - - [17/Jan/2022:21:43:07 -0300] "GET /home.php HTTP/1.1" 200 2358
::1 - - [17/Jan/2022:21:43:08 -0300] "GET /adicionarplanta.php HTTP/1.1" 200 2023
::1 - - [17/Jan/2022:21:43:13 -0300] "POST /adicionarplanta.php HTTP/1.1" 302 2182
::1 - - [17/Jan/2022:21:43:13 -0300] "GET /home.php HTTP/1.1" 200 2677
::1 - - [17/Jan/2022:21:43:15 -0300] "GET /adicionarplanta.php HTTP/1.1" 200 2023
::1 - - [17/Jan/2022:21:43:23 -0300] "POST /adicionarplanta.php HTTP/1.1" 302 2182
::1 - - [17/Jan/2022:21:43:23 -0300] "GET /home.php HTTP/1.1" 200 2998
::1 - - [17/Jan/2022:21:43:26 -0300] "GET /planta.php?ap=2 HTTP/1.1" 200 1685
::1 - - [17/Jan/2022:21:43:26 -0300] "GET /foto.jpeg HTTP/1.1" 404 207
::1 - - [17/Jan/2022:21:43:28 -0300] "GET /phpmyadmin/sql.php?db=plantoterapia&table=planta&server=1&target=&token=799d3b6d47cc87cae6c3b536fedcd412 HTTP/1.1" 200 24819
::1 - - [17/Jan/2022:21:43:28 -0300] "GET /phpmyadmin/sql.php?db=plantoterapia&table=planta&server=1&target=&token=799d3b6d47cc87cae6c3b536fedcd412 HTTP/1.1" 200 24819
::1 - - [17/Jan/2022:21:43:29 -0300] "GET /phpmyadmin/index.php?ajax_request=1&recent_table=1&token=799d3b6d47cc87cae6c3b536fedcd412 HTTP/1.1" 200 222
::1 - - [17/Jan/2022:21:43:33 -0300] "POST /planta.php HTTP/1.1" 302 3110
::1 - - [17/Jan/2022:21:43:33 -0300] "GET /home.php HTTP/1.1" 200 2667
::1 - - [17/Jan/2022:21:43:37 -0300] "GET /phpmyadmin/sql.php?db=plantoterapia&table=planta&server=1&target=&token=799d3b6d47cc87cae6c3b536fedcd412 HTTP/1.1" 200 24589
::1 - - [17/Jan/2022:21:43:37 -0300] "GET /phpmyadmin/sql.php?db=plantoterapia&table=planta&server=1&target=&token=799d3b6d47cc87cae6c3b536fedcd412 HTTP/1.1" 200 24589
::1 - - [17/Jan/2022:21:43:37 -0300] "GET /phpmyadmin/index.php?ajax_request=1&recent_table=1&token=799d3b6d47cc87cae6c3b536fedcd412 HTTP/1.1" 200 222
::1 - - [17/Jan/2022:21:43:51 -0300] "GET /phpmyadmin/sql.php?db=plantoterapia&table=planta&token=799d3b6d47cc87cae6c3b536fedcd412&pos=0&ajax_request=true&ajax_page_request=true&menuHashes=985bb820&_nocache=1642466631697911867 HTTP/1.1" 200 14644
::1 - - [17/Jan/2022:21:43:51 -0300] "GET /phpmyadmin/index.php?ajax_request=1&recent_table=1&token=799d3b6d47cc87cae6c3b536fedcd412 HTTP/1.1" 200 222
::1 - - [17/Jan/2022:21:43:56 -0300] "GET /planta.php?ap=2 HTTP/1.1" 200 1658
::1 - - [17/Jan/2022:21:43:56 -0300] "GET /foto.jpeg HTTP/1.1" 404 207
::1 - - [17/Jan/2022:21:43:57 -0300] "POST /planta.php HTTP/1.1" 302 2967
::1 - - [17/Jan/2022:21:43:57 -0300] "GET /home.php HTTP/1.1" 200 2667
::1 - - [17/Jan/2022:21:43:58 -0300] "GET /planta.php?ap=2 HTTP/1.1" 200 1676
::1 - - [17/Jan/2022:21:43:59 -0300] "GET /foto.jpeg HTTP/1.1" 404 207
::1 - - [17/Jan/2022:21:43:59 -0300] "POST /planta.php HTTP/1.1" 302 2967
::1 - - [17/Jan/2022:21:43:59 -0300] "GET /home.php HTTP/1.1" 200 2348
::1 - - [17/Jan/2022:21:44:00 -0300] "GET /planta.php?ap=2 HTTP/1.1" 200 1658
::1 - - [17/Jan/2022:21:44:00 -0300] "GET /foto.jpeg HTTP/1.1" 404 207
::1 - - [17/Jan/2022:21:44:01 -0300] "POST /planta.php HTTP/1.1" 302 2824
::1 - - [17/Jan/2022:21:44:01 -0300] "GET /home.php HTTP/1.1" 200 2348
::1 - - [17/Jan/2022:21:44:02 -0300] "GET /planta.php?ap=2 HTTP/1.1" 200 1658
::1 - - [17/Jan/2022:21:44:02 -0300] "GET /foto.jpeg HTTP/1.1" 404 207
::1 - - [17/Jan/2022:21:44:02 -0300] "POST /planta.php HTTP/1.1" 302 2824
::1 - - [17/Jan/2022:21:44:02 -0300] "GET /home.php HTTP/1.1" 200 2348
::1 - - [17/Jan/2022:21:44:04 -0300] "GET /planta.php?ap=2 HTTP/1.1" 200 1658
::1 - - [17/Jan/2022:21:44:04 -0300] "GET /foto.jpeg HTTP/1.1" 404 207
::1 - - [17/Jan/2022:21:44:05 -0300] "POST /planta.php HTTP/1.1" 302 2824
::1 - - [17/Jan/2022:21:44:05 -0300] "GET /home.php HTTP/1.1" 200 2348
::1 - - [17/Jan/2022:21:44:07 -0300] "GET /planta.php?ap=1 HTTP/1.1" 200 1677
::1 - - [17/Jan/2022:21:44:07 -0300] "GET /foto.jpeg HTTP/1.1" 404 207
::1 - - [17/Jan/2022:21:44:08 -0300] "POST /planta.php HTTP/1.1" 302 2824
::1 - - [17/Jan/2022:21:44:08 -0300] "GET /home.php HTTP/1.1" 200 2027
::1 - - [17/Jan/2022:21:44:08 -0300] "GET /planta.php?ap=1 HTTP/1.1" 200 1658
::1 - - [17/Jan/2022:21:44:08 -0300] "GET /foto.jpeg HTTP/1.1" 404 207
::1 - - [17/Jan/2022:21:44:10 -0300] "POST /planta.php HTTP/1.1" 302 2681
::1 - - [17/Jan/2022:21:44:10 -0300] "GET /home.php HTTP/1.1" 200 2027
::1 - - [17/Jan/2022:21:44:13 -0300] "GET /phpmyadmin/sql.php?db=plantoterapia&table=planta&server=1&target=&token=799d3b6d47cc87cae6c3b536fedcd412 HTTP/1.1" 200 23166
::1 - - [17/Jan/2022:21:44:14 -0300] "GET /phpmyadmin/sql.php?db=plantoterapia&table=planta&server=1&target=&token=799d3b6d47cc87cae6c3b536fedcd412 HTTP/1.1" 200 23166
::1 - - [17/Jan/2022:21:44:14 -0300] "GET /phpmyadmin/index.php?ajax_request=1&recent_table=1&token=799d3b6d47cc87cae6c3b536fedcd412 HTTP/1.1" 200 222
::1 - - [17/Jan/2022:21:44:26 -0300] "GET /planta.php?ap=1 HTTP/1.1" 200 1658
::1 - - [17/Jan/2022:21:44:26 -0300] "GET /foto.jpeg HTTP/1.1" 404 207
::1 - - [17/Jan/2022:21:44:27 -0300] "POST /planta.php HTTP/1.1" 302 2681
::1 - - [17/Jan/2022:21:44:27 -0300] "GET /home.php HTTP/1.1" 200 2027
::1 - - [17/Jan/2022:21:44:28 -0300] "GET /planta.php?ap=1 HTTP/1.1" 200 1658
::1 - - [17/Jan/2022:21:44:28 -0300] "GET /foto.jpeg HTTP/1.1" 404 207
::1 - - [17/Jan/2022:21:44:31 -0300] "POST /planta.php HTTP/1.1" 302 2681
::1 - - [17/Jan/2022:21:44:31 -0300] "GET /home.php HTTP/1.1" 200 2027
::1 - - [17/Jan/2022:21:44:59 -0300] "GET /home.php HTTP/1.1" 200 2027
::1 - - [17/Jan/2022:21:45:00 -0300] "GET /planta.php?ap=1 HTTP/1.1" 200 1658
::1 - - [17/Jan/2022:21:45:00 -0300] "GET /foto.jpeg HTTP/1.1" 404 207
::1 - - [17/Jan/2022:21:45:01 -0300] "POST /planta.php HTTP/1.1" 302 2681
::1 - - [17/Jan/2022:21:45:01 -0300] "GET /home.php HTTP/1.1" 200 1714
::1 - - [17/Jan/2022:21:45:10 -0300] "GET /adicionarplanta.php HTTP/1.1" 200 2023
::1 - - [17/Jan/2022:21:45:16 -0300] "POST /adicionarplanta.php HTTP/1.1" 302 2182
::1 - - [17/Jan/2022:21:45:16 -0300] "GET /home.php HTTP/1.1" 200 2033
::1 - - [17/Jan/2022:21:45:17 -0300] "GET /adicionarplanta.php HTTP/1.1" 200 2023
::1 - - [17/Jan/2022:21:45:24 -0300] "POST /adicionarplanta.php HTTP/1.1" 302 2182
::1 - - [17/Jan/2022:21:45:24 -0300] "GET /home.php HTTP/1.1" 200 2350
::1 - - [17/Jan/2022:21:45:26 -0300] "GET /adicionarplanta.php HTTP/1.1" 200 2023
::1 - - [17/Jan/2022:21:45:33 -0300] "POST /adicionarplanta.php HTTP/1.1" 302 2182
::1 - - [17/Jan/2022:21:45:33 -0300] "GET /home.php HTTP/1.1" 200 2667
::1 - - [17/Jan/2022:21:45:34 -0300] "GET /adicionarplanta.php HTTP/1.1" 200 2023
::1 - - [17/Jan/2022:21:45:40 -0300] "POST /adicionarplanta.php HTTP/1.1" 302 2182
::1 - - [17/Jan/2022:21:45:40 -0300] "GET /home.php HTTP/1.1" 200 2991
::1 - - [17/Jan/2022:21:45:42 -0300] "GET /planta.php?ap=2 HTTP/1.1" 200 1675
::1 - - [17/Jan/2022:21:45:42 -0300] "GET /foto.jpeg HTTP/1.1" 404 207
::1 - - [17/Jan/2022:21:45:43 -0300] "POST /planta.php HTTP/1.1" 302 3110
::1 - - [17/Jan/2022:21:45:43 -0300] "GET /home.php HTTP/1.1" 200 2663
::1 - - [17/Jan/2022:21:45:46 -0300] "GET /phpmyadmin/sql.php?db=plantoterapia&table=planta&server=1&target=&token=799d3b6d47cc87cae6c3b536fedcd412 HTTP/1.1" 200 24581
::1 - - [17/Jan/2022:21:45:47 -0300] "GET /phpmyadmin/sql.php?db=plantoterapia&table=planta&server=1&target=&token=799d3b6d47cc87cae6c3b536fedcd412 HTTP/1.1" 200 24581
::1 - - [17/Jan/2022:21:45:47 -0300] "GET /phpmyadmin/index.php?ajax_request=1&recent_table=1&token=799d3b6d47cc87cae6c3b536fedcd412 HTTP/1.1" 200 222
::1 - - [17/Jan/2022:21:48:09 -0300] "GET /planta.php?ap=3 HTTP/1.1" 200 1658
::1 - - [17/Jan/2022:21:48:09 -0300] "GET /css/styles.css HTTP/1.1" 304 -
::1 - - [17/Jan/2022:21:48:09 -0300] "GET /foto.jpeg HTTP/1.1" 404 207
::1 - - [17/Jan/2022:21:48:10 -0300] "POST /planta.php HTTP/1.1" 302 2967
::1 - - [17/Jan/2022:21:48:10 -0300] "GET /home.php HTTP/1.1" 200 2663
::1 - - [17/Jan/2022:21:48:11 -0300] "GET /planta.php?ap=2 HTTP/1.1" 200 1674
::1 - - [17/Jan/2022:21:48:11 -0300] "GET /foto.jpeg HTTP/1.1" 404 207
::1 - - [17/Jan/2022:21:48:12 -0300] "POST /planta.php HTTP/1.1" 302 2967
::1 - - [17/Jan/2022:21:48:12 -0300] "GET /home.php HTTP/1.1" 200 2033
::1 - - [17/Jan/2022:21:48:13 -0300] "GET /planta.php?ap=1 HTTP/1.1" 200 1678
::1 - - [17/Jan/2022:21:48:13 -0300] "GET /foto.jpeg HTTP/1.1" 404 207
::1 - - [17/Jan/2022:21:48:13 -0300] "POST /planta.php HTTP/1.1" 302 2681
::1 - - [17/Jan/2022:21:48:13 -0300] "GET /home.php HTTP/1.1" 200 1714
::1 - - [17/Jan/2022:21:48:14 -0300] "GET /adicionarplanta.php HTTP/1.1" 200 2023
::1 - - [17/Jan/2022:21:48:21 -0300] "POST /adicionarplanta.php HTTP/1.1" 302 2182
::1 - - [17/Jan/2022:21:48:21 -0300] "GET /home.php HTTP/1.1" 200 2033
::1 - - [17/Jan/2022:21:48:22 -0300] "GET /adicionarplanta.php HTTP/1.1" 200 2023
::1 - - [17/Jan/2022:21:48:28 -0300] "POST /adicionarplanta.php HTTP/1.1" 302 2182
::1 - - [17/Jan/2022:21:48:28 -0300] "GET /home.php HTTP/1.1" 200 2352
::1 - - [17/Jan/2022:21:48:29 -0300] "GET /adicionarplanta.php HTTP/1.1" 200 2023
::1 - - [17/Jan/2022:21:48:38 -0300] "POST /adicionarplanta.php HTTP/1.1" 302 2182
::1 - - [17/Jan/2022:21:48:38 -0300] "GET /home.php HTTP/1.1" 200 2672
::1 - - [17/Jan/2022:21:48:39 -0300] "GET /adicionarplanta.php HTTP/1.1" 200 2023
::1 - - [17/Jan/2022:21:48:45 -0300] "POST /adicionarplanta.php HTTP/1.1" 302 2182
::1 - - [17/Jan/2022:21:48:45 -0300] "GET /home.php HTTP/1.1" 200 2998
::1 - - [17/Jan/2022:21:48:49 -0300] "GET /phpmyadmin/sql.php?db=plantoterapia&table=planta&server=1&target=&token=799d3b6d47cc87cae6c3b536fedcd412 HTTP/1.1" 200 24792
::1 - - [17/Jan/2022:21:48:49 -0300] "GET /phpmyadmin/sql.php?db=plantoterapia&table=planta&server=1&target=&token=799d3b6d47cc87cae6c3b536fedcd412 HTTP/1.1" 200 24792
::1 - - [17/Jan/2022:21:48:49 -0300] "GET /phpmyadmin/index.php?ajax_request=1&recent_table=1&token=799d3b6d47cc87cae6c3b536fedcd412 HTTP/1.1" 200 222
::1 - - [17/Jan/2022:21:48:51 -0300] "GET /planta.php?ap=2 HTTP/1.1" 200 1669
::1 - - [17/Jan/2022:21:48:51 -0300] "GET /foto.jpeg HTTP/1.1" 404 207
::1 - - [17/Jan/2022:21:48:52 -0300] "POST /planta.php HTTP/1.1" 302 3110
::1 - - [17/Jan/2022:21:48:52 -0300] "GET /home.php HTTP/1.1" 200 2679
::1 - - [17/Jan/2022:21:48:58 -0300] "GET /phpmyadmin/sql.php?db=plantoterapia&table=planta&server=1&target=&token=799d3b6d47cc87cae6c3b536fedcd412 HTTP/1.1" 200 24578
::1 - - [17/Jan/2022:21:48:58 -0300] "GET /phpmyadmin/sql.php?db=plantoterapia&table=planta&server=1&target=&token=799d3b6d47cc87cae6c3b536fedcd412 HTTP/1.1" 200 24578
::1 - - [17/Jan/2022:21:48:58 -0300] "GET /phpmyadmin/index.php?ajax_request=1&recent_table=1&token=799d3b6d47cc87cae6c3b536fedcd412 HTTP/1.1" 200 222
::1 - - [17/Jan/2022:21:49:28 -0300] "GET /planta.php?ap=1 HTTP/1.1" 200 1671
::1 - - [17/Jan/2022:21:49:28 -0300] "GET /foto.jpeg HTTP/1.1" 404 207
::1 - - [17/Jan/2022:21:49:29 -0300] "POST /planta.php HTTP/1.1" 302 2967
::1 - - [17/Jan/2022:21:49:29 -0300] "GET /home.php HTTP/1.1" 200 2360
::1 - - [17/Jan/2022:21:49:30 -0300] "GET /planta.php?ap=1 HTTP/1.1" 200 1675
::1 - - [17/Jan/2022:21:49:30 -0300] "GET /foto.jpeg HTTP/1.1" 404 207
::1 - - [17/Jan/2022:21:49:30 -0300] "POST /planta.php HTTP/1.1" 302 2824
::1 - - [17/Jan/2022:21:49:30 -0300] "GET /home.php HTTP/1.1" 200 2040
::1 - - [17/Jan/2022:21:49:31 -0300] "GET /planta.php?ap=1 HTTP/1.1" 200 1682
::1 - - [17/Jan/2022:21:49:31 -0300] "GET /foto.jpeg HTTP/1.1" 404 207
::1 - - [17/Jan/2022:21:49:32 -0300] "POST /planta.php HTTP/1.1" 302 2681
::1 - - [17/Jan/2022:21:49:32 -0300] "GET /home.php HTTP/1.1" 200 1714
::1 - - [17/Jan/2022:21:49:38 -0300] "GET /phpmyadmin/db_structure.php?server=1&db=plantoterapia&token=799d3b6d47cc87cae6c3b536fedcd412&ajax_request=true&ajax_page_request=true&menuHashes=985bb820&_nocache=1642466978501285889 HTTP/1.1" 200 20971
::1 - - [17/Jan/2022:21:49:39 -0300] "GET /phpmyadmin/sql.php?db=plantoterapia&token=799d3b6d47cc87cae6c3b536fedcd412&goto=db_structure.php&table=conta&pos=0&ajax_request=true&ajax_page_request=true&menuHashes=985bb820-c04eb036&_nocache=1642466979821827237 HTTP/1.1" 200 15948
::1 - - [17/Jan/2022:21:49:40 -0300] "GET /phpmyadmin/index.php?ajax_request=1&recent_table=1&token=799d3b6d47cc87cae6c3b536fedcd412 HTTP/1.1" 200 352
::1 - - [17/Jan/2022:21:51:42 -0300] "GET /adicionarplanta.php HTTP/1.1" 200 2023
::1 - - [17/Jan/2022:21:51:55 -0300] "POST /adicionarplanta.php HTTP/1.1" 302 2182
::1 - - [17/Jan/2022:21:51:55 -0300] "GET /home.php HTTP/1.1" 200 2033
::1 - - [17/Jan/2022:21:52:03 -0300] "GET /planta.php?ap=1 HTTP/1.1" 200 1670
::1 - - [17/Jan/2022:21:52:03 -0300] "GET /foto.jpeg HTTP/1.1" 404 207
::1 - - [17/Jan/2022:21:56:40 -0300] "GET /planta.php?ap=1 HTTP/1.1" 200 1852
::1 - - [17/Jan/2022:21:56:40 -0300] "GET /css/styles.css HTTP/1.1" 304 -
::1 - - [17/Jan/2022:21:56:40 -0300] "GET /foto.jpeg HTTP/1.1" 404 207
::1 - - [17/Jan/2022:21:57:40 -0300] "GET /planta.php?ap=1 HTTP/1.1" 200 1852
::1 - - [17/Jan/2022:21:57:40 -0300] "GET /foto.jpeg HTTP/1.1" 404 207
::1 - - [17/Jan/2022:21:57:42 -0300] "GET /home.php HTTP/1.1" 200 2033
::1 - - [17/Jan/2022:21:57:44 -0300] "GET /planta.php?ap=1 HTTP/1.1" 200 1852
::1 - - [17/Jan/2022:21:57:44 -0300] "GET /foto.jpeg HTTP/1.1" 404 207
::1 - - [17/Jan/2022:21:59:50 -0300] "GET /planta.php?ap=1 HTTP/1.1" 200 1863
::1 - - [17/Jan/2022:21:59:50 -0300] "GET /foto.jpeg HTTP/1.1" 404 207
::1 - - [17/Jan/2022:22:01:01 -0300] "GET /planta.php?ap=1 HTTP/1.1" 200 1863
::1 - - [17/Jan/2022:22:01:01 -0300] "GET /foto.jpeg HTTP/1.1" 404 207
::1 - - [17/Jan/2022:22:01:37 -0300] "GET /planta.php?ap=1 HTTP/1.1" 200 1706
::1 - - [17/Jan/2022:22:01:37 -0300] "GET /foto.jpeg HTTP/1.1" 404 207
::1 - - [17/Jan/2022:22:01:52 -0300] "GET /planta.php?ap=1 HTTP/1.1" 200 1706
::1 - - [17/Jan/2022:22:01:52 -0300] "GET /foto.jpeg HTTP/1.1" 404 207
::1 - - [17/Jan/2022:22:01:56 -0300] "GET /home.php HTTP/1.1" 200 2033
::1 - - [17/Jan/2022:22:01:57 -0300] "GET /planta.php?ap=1 HTTP/1.1" 200 1706
::1 - - [17/Jan/2022:22:01:57 -0300] "GET /foto.jpeg HTTP/1.1" 404 207
::1 - - [17/Jan/2022:22:02:15 -0300] "GET /planta.php?ap=1 HTTP/1.1" 200 1712
::1 - - [17/Jan/2022:22:02:15 -0300] "GET /css/styles.css HTTP/1.1" 304 -
::1 - - [17/Jan/2022:22:02:15 -0300] "GET /foto.jpeg HTTP/1.1" 404 207
::1 - - [17/Jan/2022:22:02:57 -0300] "GET /phpmyadmin/db_structure.php?server=1&db=plantoterapia&token=799d3b6d47cc87cae6c3b536fedcd412&ajax_request=true&ajax_page_request=true&menuHashes=985bb820-c04eb036-40bb7922&_nocache=1642467777592696139 HTTP/1.1" 200 17802
::1 - - [17/Jan/2022:22:02:59 -0300] "GET /phpmyadmin/sql.php?db=plantoterapia&token=799d3b6d47cc87cae6c3b536fedcd412&goto=db_structure.php&table=planta&pos=0&ajax_request=true&ajax_page_request=true&menuHashes=985bb820-c04eb036-40bb7922&_nocache=1642467779651992794 HTTP/1.1" 200 13147
::1 - - [17/Jan/2022:22:02:59 -0300] "GET /phpmyadmin/index.php?ajax_request=1&recent_table=1&token=799d3b6d47cc87cae6c3b536fedcd412 HTTP/1.1" 200 352
::1 - - [17/Jan/2022:22:03:51 -0300] "GET /planta.php?ap=1 HTTP/1.1" 200 1706
::1 - - [17/Jan/2022:22:03:51 -0300] "GET /foto.jpeg HTTP/1.1" 404 207
::1 - - [17/Jan/2022:22:04:10 -0300] "POST /planta.php HTTP/1.1" 302 2717
::1 - - [17/Jan/2022:22:04:11 -0300] "GET /home.php HTTP/1.1" 200 1714
::1 - - [17/Jan/2022:22:04:12 -0300] "GET /adicionarplanta.php HTTP/1.1" 200 2023
::1 - - [17/Jan/2022:22:04:28 -0300] "POST /adicionarplanta.php HTTP/1.1" 302 2182
::1 - - [17/Jan/2022:22:04:28 -0300] "GET /home.php HTTP/1.1" 200 2033
::1 - - [17/Jan/2022:22:04:28 -0300] "GET /planta.php?ap=1 HTTP/1.1" 200 1724
::1 - - [17/Jan/2022:22:04:28 -0300] "GET /foto.jpeg HTTP/1.1" 404 207
::1 - - [17/Jan/2022:22:11:41 -0300] "GET /home.php HTTP/1.1" 200 2033
::1 - - [17/Jan/2022:22:11:42 -0300] "GET /adicionarplanta.php HTTP/1.1" 200 2023
::1 - - [17/Jan/2022:22:11:42 -0300] "GET /css/styles.css HTTP/1.1" 304 -
::1 - - [17/Jan/2022:22:11:50 -0300] "POST /adicionarplanta.php HTTP/1.1" 200 2373
::1 - - [17/Jan/2022:22:12:31 -0300] "GET /adicionarplanta.php HTTP/1.1" 200 2023
::1 - - [17/Jan/2022:22:12:36 -0300] "GET /phpmyadmin/sql.php?db=plantoterapia&table=planta&server=1&target=&token=799d3b6d47cc87cae6c3b536fedcd412 HTTP/1.1" 200 23297
::1 - - [17/Jan/2022:22:12:37 -0300] "GET /phpmyadmin/sql.php?db=plantoterapia&table=planta&server=1&target=&token=799d3b6d47cc87cae6c3b536fedcd412 HTTP/1.1" 200 23297
::1 - - [17/Jan/2022:22:12:37 -0300] "GET /phpmyadmin/index.php?ajax_request=1&recent_table=1&token=799d3b6d47cc87cae6c3b536fedcd412 HTTP/1.1" 200 352
::1 - - [17/Jan/2022:22:12:44 -0300] "POST /adicionarplanta.php HTTP/1.1" 302 2023
::1 - - [17/Jan/2022:22:12:44 -0300] "GET /home.php HTTP/1.1" 200 2351
::1 - - [17/Jan/2022:22:12:47 -0300] "GET /planta.php?ap=2 HTTP/1.1" 200 1712
::1 - - [17/Jan/2022:22:12:47 -0300] "GET /foto.jpeg HTTP/1.1" 404 207
::1 - - [17/Jan/2022:22:12:53 -0300] "GET /phpmyadmin/sql.php?db=plantoterapia&table=planta&server=1&target=&token=799d3b6d47cc87cae6c3b536fedcd412 HTTP/1.1" 200 24949
::1 - - [17/Jan/2022:22:12:53 -0300] "GET /phpmyadmin/sql.php?db=plantoterapia&table=planta&server=1&target=&token=799d3b6d47cc87cae6c3b536fedcd412 HTTP/1.1" 200 24949
::1 - - [17/Jan/2022:22:12:53 -0300] "GET /phpmyadmin/index.php?ajax_request=1&recent_table=1&token=799d3b6d47cc87cae6c3b536fedcd412 HTTP/1.1" 200 352
::1 - - [17/Jan/2022:22:12:55 -0300] "GET /phpmyadmin/tbl_get_field.php?db=plantoterapia&table=planta&where_clause=%60planta%60.%60descricao_planta%60+%3D+%27ahahahhahahah%27+AND+%60planta%60.%60foto_planta%60+%3D+CAST%280x6d61646f6b612e6a7067+AS+BINARY%29+AND+%60planta%60.%60id_planta%60+%3D+2+AND+%60planta%60.%60nome_planta%60+%3D+%27Boldo%27&transform_key=foto_planta&sql_query=SELECT+%2A+FROM+%60planta%60&token=799d3b6d47cc87cae6c3b536fedcd412 HTTP/1.1" 200 10520
::1 - - [17/Jan/2022:22:13:17 -0300] "GET /planta.php?ap=2 HTTP/1.1" 200 1858
::1 - - [17/Jan/2022:22:13:17 -0300] "GET /foto.jpeg HTTP/1.1" 404 207
::1 - - [17/Jan/2022:22:13:52 -0300] "GET /planta.php?ap=2 HTTP/1.1" 200 1869
::1 - - [17/Jan/2022:22:13:52 -0300] "GET /foto.jpeg HTTP/1.1" 404 207
::1 - - [17/Jan/2022:22:14:32 -0300] "GET /planta.php?ap=2 HTTP/1.1" 200 1869
::1 - - [17/Jan/2022:22:14:32 -0300] "GET /foto.jpeg HTTP/1.1" 404 207
::1 - - [17/Jan/2022:22:15:54 -0300] "GET /planta.php?ap=2 HTTP/1.1" 200 1869
::1 - - [17/Jan/2022:22:15:54 -0300] "GET /foto.jpeg HTTP/1.1" 404 207
::1 - - [17/Jan/2022:23:29:19 -0300] "GET /index.php HTTP/1.1" 200 1715
::1 - - [17/Jan/2022:23:29:19 -0300] "GET /css/styles.css HTTP/1.1" 304 -
::1 - - [17/Jan/2022:23:29:22 -0300] "POST /index.php HTTP/1.1" 302 1715
::1 - - [17/Jan/2022:23:29:22 -0300] "GET /home.php HTTP/1.1" 200 2351
::1 - - [17/Jan/2022:23:29:25 -0300] "GET /planta.php?ap=1 HTTP/1.1" 200 1688
::1 - - [17/Jan/2022:23:29:25 -0300] "GET /foto.jpeg HTTP/1.1" 404 207
::1 - - [17/Jan/2022:23:29:26 -0300] "POST /planta.php HTTP/1.1" 302 2824
::1 - - [17/Jan/2022:23:29:26 -0300] "GET /home.php HTTP/1.1" 200 2032
::1 - - [17/Jan/2022:23:29:26 -0300] "GET /planta.php?ap=1 HTTP/1.1" 200 1676
::1 - - [17/Jan/2022:23:29:26 -0300] "GET /foto.jpeg HTTP/1.1" 404 207
::1 - - [17/Jan/2022:23:29:28 -0300] "POST /planta.php HTTP/1.1" 302 2681
::1 - - [17/Jan/2022:23:29:28 -0300] "GET /home.php HTTP/1.1" 200 1714
::1 - - [17/Jan/2022:23:29:30 -0300] "GET /conhecaoprojeto.php HTTP/1.1" 200 2775
::1 - - [17/Jan/2022:23:29:30 -0300] "GET /imagem/horta/1.jpeg HTTP/1.1" 304 -
::1 - - [17/Jan/2022:23:29:30 -0300] "GET /imagem/horta/2.jpeg HTTP/1.1" 304 -
::1 - - [17/Jan/2022:23:29:30 -0300] "GET /imagem/horta/3.jpeg HTTP/1.1" 304 -
::1 - - [17/Jan/2022:23:29:30 -0300] "GET /imagem/livro_nauvia.jpeg HTTP/1.1" 304 -
::1 - - [17/Jan/2022:23:29:36 -0300] "GET /sobrenos.php HTTP/1.1" 200 2663
::1 - - [17/Jan/2022:23:29:36 -0300] "GET /imagem/equipe/amanda.jpeg HTTP/1.1" 304 -
::1 - - [17/Jan/2022:23:29:36 -0300] "GET /imagem/equipe/nauvia.jpeg HTTP/1.1" 304 -
::1 - - [17/Jan/2022:23:29:36 -0300] "GET /imagem/equipe/jessica.jpeg HTTP/1.1" 304 -
::1 - - [17/Jan/2022:23:29:36 -0300] "GET /imagem/equipe/sophia.jpeg HTTP/1.1" 304 -
::1 - - [17/Jan/2022:23:29:40 -0300] "GET /sobrenos.php HTTP/1.1" 200 2663
::1 - - [17/Jan/2022:23:29:41 -0300] "GET /conhecaoprojeto.php HTTP/1.1" 200 2775
::1 - - [17/Jan/2022:23:29:42 -0300] "GET /home.php HTTP/1.1" 200 1714
::1 - - [17/Jan/2022:23:29:44 -0300] "GET /adicionarplanta.php HTTP/1.1" 200 2023
::1 - - [17/Jan/2022:23:29:46 -0300] "POST /adicionarplanta.php HTTP/1.1" 200 2065
::1 - - [17/Jan/2022:23:29:48 -0300] "GET /home.php HTTP/1.1" 200 1714
