2021-11-08 09:18:09 8676 [Note] Plugin 'FEDERATED' is disabled.
2021-11-08 09:18:09 8676 [Note] InnoDB: The InnoDB memory heap is disabled
2021-11-08 09:18:09 8676 [Note] InnoDB: Mutexes and rw_locks use Windows interlocked functions
2021-11-08 09:18:09 8676 [Note] InnoDB: Compressed tables use zlib 1.2.3
2021-11-08 09:18:09 8676 [Note] InnoDB: Not using CPU crc32 instructions
2021-11-08 09:18:09 8676 [Note] InnoDB: Initializing buffer pool, size = 128.0M
2021-11-08 09:18:09 8676 [Note] InnoDB: Completed initialization of buffer pool
2021-11-08 09:18:09 8676 [Note] InnoDB: Setting log file C:\Users\20191TIIMI0100\Documents\USBWebserver\mysql\data\ib_logfile101 size to 5 MB
2021-11-08 09:18:09 8676 [Note] InnoDB: Setting log file C:\Users\20191TIIMI0100\Documents\USBWebserver\mysql\data\ib_logfile1 size to 5 MB
2021-11-08 09:18:09 8676 [Note] InnoDB: Renaming log file C:\Users\20191TIIMI0100\Documents\USBWebserver\mysql\data\ib_logfile101 to C:\Users\20191TIIMI0100\Documents\USBWebserver\mysql\data\ib_logfile0
2021-11-08 09:18:09 8676 [Warning] InnoDB: New log files created, LSN=1626134
2021-11-08 09:18:09 8676 [Note] InnoDB: Highest supported file format is Barracuda.
2021-11-08 09:18:10 8676 [Note] InnoDB: 128 rollback segment(s) are active.
2021-11-08 09:18:10 8676 [Note] InnoDB: Waiting for purge to start
2021-11-08 09:18:10 8676 [Note] InnoDB: 5.6.13 started; log sequence number 1626636
2021-11-08 09:18:10 8676 [Warning] No existing UUID has been found, so we assume that this is the first time that this server has been started. Generating a new UUID: efe4d21a-408d-11ec-97ce-d09466bb11c3.
2021-11-08 09:18:10 8676 [Note] Server hostname (bind-address): '*'; port: 3307
2021-11-08 09:18:10 8676 [Note] IPv6 is available.
2021-11-08 09:18:10 8676 [Note]   - '::' resolves to '::';
2021-11-08 09:18:10 8676 [Note] Server socket created on IP: '::'.
2021-11-22 08:43:40 13652 [Note] Plugin 'FEDERATED' is disabled.
2021-11-22 08:43:40 13652 [Note] InnoDB: The InnoDB memory heap is disabled
2021-11-22 08:43:40 13652 [Note] InnoDB: Mutexes and rw_locks use Windows interlocked functions
2021-11-22 08:43:40 13652 [Note] InnoDB: Compressed tables use zlib 1.2.3
2021-11-22 08:43:40 13652 [Note] InnoDB: Not using CPU crc32 instructions
2021-11-22 08:43:40 13652 [Note] InnoDB: Initializing buffer pool, size = 128.0M
2021-11-22 08:43:40 13652 [Note] InnoDB: Completed initialization of buffer pool
2021-11-22 08:43:41 13652 [Note] InnoDB: Highest supported file format is Barracuda.
2021-11-22 08:43:41 13652 [Note] InnoDB: The log sequence numbers 1626134 and 1626134 in ibdata files do not match the log sequence number 1626646 in the ib_logfiles!
2021-11-22 08:43:41 13652 [Note] InnoDB: Database was not shutdown normally!
2021-11-22 08:43:41 13652 [Note] InnoDB: Starting crash recovery.
2021-11-22 08:43:41 13652 [Note] InnoDB: Reading tablespace information from the .ibd files...
2021-11-22 08:43:41 13652 [Note] InnoDB: Restoring possible half-written data pages 
2021-11-22 08:43:41 13652 [Note] InnoDB: from the doublewrite buffer...
2021-11-22 08:43:43 13652 [Note] InnoDB: 128 rollback segment(s) are active.
2021-11-22 08:43:43 13652 [Note] InnoDB: Waiting for purge to start
2021-11-22 08:43:43 13652 [Note] InnoDB: 5.6.13 started; log sequence number 1626646
2021-11-22 08:43:43 13652 [Note] Server hostname (bind-address): '*'; port: 3307
2021-11-22 08:43:43 13652 [Note] IPv6 is available.
2021-11-22 08:43:43 13652 [Note]   - '::' resolves to '::';
2021-11-22 08:43:43 13652 [Note] Server socket created on IP: '::'.
2021-11-22 08:48:49 2532 [Note] Plugin 'FEDERATED' is disabled.
2021-11-22 08:48:49 2532 [Note] InnoDB: The InnoDB memory heap is disabled
2021-11-22 08:48:49 2532 [Note] InnoDB: Mutexes and rw_locks use Windows interlocked functions
2021-11-22 08:48:49 2532 [Note] InnoDB: Compressed tables use zlib 1.2.3
2021-11-22 08:48:49 2532 [Note] InnoDB: Not using CPU crc32 instructions
2021-11-22 08:48:49 2532 [Note] InnoDB: Initializing buffer pool, size = 128.0M
2021-11-22 08:48:49 2532 [Note] InnoDB: Completed initialization of buffer pool
2021-11-22 08:48:49 2532 [Note] InnoDB: Highest supported file format is Barracuda.
2021-11-22 08:48:49 2532 [Note] InnoDB: The log sequence numbers 1626134 and 1626134 in ibdata files do not match the log sequence number 1626656 in the ib_logfiles!
2021-11-22 08:48:49 2532 [Note] InnoDB: Database was not shutdown normally!
2021-11-22 08:48:49 2532 [Note] InnoDB: Starting crash recovery.
2021-11-22 08:48:49 2532 [Note] InnoDB: Reading tablespace information from the .ibd files...
2021-11-22 08:48:50 2532 [Note] InnoDB: Restoring possible half-written data pages 
2021-11-22 08:48:50 2532 [Note] InnoDB: from the doublewrite buffer...
2021-11-22 08:48:50 2532 [Note] InnoDB: 128 rollback segment(s) are active.
2021-11-22 08:48:50 2532 [Note] InnoDB: Waiting for purge to start
2021-11-22 08:48:50 2532 [Note] InnoDB: 5.6.13 started; log sequence number 1626656
2021-11-22 08:48:50 2532 [Note] Server hostname (bind-address): '*'; port: 3307
2021-11-22 08:48:50 2532 [Note] IPv6 is available.
2021-11-22 08:48:50 2532 [Note]   - '::' resolves to '::';
2021-11-22 08:48:50 2532 [Note] Server socket created on IP: '::'.
2021-11-29 08:58:19 12996 [Note] Plugin 'FEDERATED' is disabled.
2021-11-29 08:58:19 12996 [Note] InnoDB: The InnoDB memory heap is disabled
2021-11-29 08:58:19 12996 [Note] InnoDB: Mutexes and rw_locks use Windows interlocked functions
2021-11-29 08:58:19 12996 [Note] InnoDB: Compressed tables use zlib 1.2.3
2021-11-29 08:58:19 12996 [Note] InnoDB: Not using CPU crc32 instructions
2021-11-29 08:58:19 12996 [Note] InnoDB: Initializing buffer pool, size = 128.0M
2021-11-29 08:58:19 12996 [Note] InnoDB: Completed initialization of buffer pool
2021-11-29 08:58:19 12996 [Note] InnoDB: Highest supported file format is Barracuda.
2021-11-29 08:58:19 12996 [Note] InnoDB: The log sequence numbers 1626134 and 1626134 in ibdata files do not match the log sequence number 1626666 in the ib_logfiles!
2021-11-29 08:58:19 12996 [Note] InnoDB: Database was not shutdown normally!
2021-11-29 08:58:19 12996 [Note] InnoDB: Starting crash recovery.
2021-11-29 08:58:19 12996 [Note] InnoDB: Reading tablespace information from the .ibd files...
2021-11-29 08:58:19 12996 [Note] InnoDB: Restoring possible half-written data pages 
2021-11-29 08:58:19 12996 [Note] InnoDB: from the doublewrite buffer...
2021-11-29 08:58:19 12996 [Note] InnoDB: 128 rollback segment(s) are active.
2021-11-29 08:58:19 12996 [Note] InnoDB: Waiting for purge to start
2021-11-29 08:58:19 12996 [Note] InnoDB: 5.6.13 started; log sequence number 1626666
2021-11-29 08:58:19 12996 [Note] Server hostname (bind-address): '*'; port: 3307
2021-11-29 08:58:19 12996 [Note] IPv6 is available.
2021-11-29 08:58:19 12996 [Note]   - '::' resolves to '::';
2021-11-29 08:58:19 12996 [Note] Server socket created on IP: '::'.
2021-12-06 08:15:52 1912 [Note] Plugin 'FEDERATED' is disabled.
2021-12-06 08:15:52 1912 [Note] InnoDB: The InnoDB memory heap is disabled
2021-12-06 08:15:52 1912 [Note] InnoDB: Mutexes and rw_locks use Windows interlocked functions
2021-12-06 08:15:52 1912 [Note] InnoDB: Compressed tables use zlib 1.2.3
2021-12-06 08:15:52 1912 [Note] InnoDB: Not using CPU crc32 instructions
2021-12-06 08:15:52 1912 [Note] InnoDB: Initializing buffer pool, size = 128.0M
2021-12-06 08:15:52 1912 [Note] InnoDB: Completed initialization of buffer pool
2021-12-06 08:15:53 1912 [Note] InnoDB: Highest supported file format is Barracuda.
2021-12-06 08:15:53 1912 [Note] InnoDB: The log sequence numbers 1626134 and 1626134 in ibdata files do not match the log sequence number 1634595 in the ib_logfiles!
2021-12-06 08:15:53 1912 [Note] InnoDB: Database was not shutdown normally!
2021-12-06 08:15:53 1912 [Note] InnoDB: Starting crash recovery.
2021-12-06 08:15:53 1912 [Note] InnoDB: Reading tablespace information from the .ibd files...
2021-12-06 08:15:53 1912 [Note] InnoDB: Restoring possible half-written data pages 
2021-12-06 08:15:53 1912 [Note] InnoDB: from the doublewrite buffer...
2021-12-06 08:15:54 1912 [Note] InnoDB: 128 rollback segment(s) are active.
2021-12-06 08:15:54 1912 [Note] InnoDB: Waiting for purge to start
2021-12-06 08:15:54 1912 [Note] InnoDB: 5.6.13 started; log sequence number 1634595
2021-12-06 08:15:54 1912 [Note] Server hostname (bind-address): '*'; port: 3307
2021-12-06 08:15:54 1912 [Note] IPv6 is available.
2021-12-06 08:15:54 1912 [Note]   - '::' resolves to '::';
2021-12-06 08:15:54 1912 [Note] Server socket created on IP: '::'.
2021-12-06 09:10:30 6116 [Note] Plugin 'FEDERATED' is disabled.
2021-12-06 09:10:30 6116 [Note] InnoDB: The InnoDB memory heap is disabled
2021-12-06 09:10:30 6116 [Note] InnoDB: Mutexes and rw_locks use Windows interlocked functions
2021-12-06 09:10:30 6116 [Note] InnoDB: Compressed tables use zlib 1.2.3
2021-12-06 09:10:30 6116 [Note] InnoDB: Not using CPU crc32 instructions
2021-12-06 09:10:30 6116 [Note] InnoDB: Initializing buffer pool, size = 128.0M
2021-12-06 09:10:30 6116 [Note] InnoDB: Completed initialization of buffer pool
2021-12-06 09:10:30 6116 [Note] InnoDB: Highest supported file format is Barracuda.
2021-12-06 09:10:30 6116 [Note] InnoDB: The log sequence numbers 1626134 and 1626134 in ibdata files do not match the log sequence number 1634605 in the ib_logfiles!
2021-12-06 09:10:30 6116 [Note] InnoDB: Database was not shutdown normally!
2021-12-06 09:10:30 6116 [Note] InnoDB: Starting crash recovery.
2021-12-06 09:10:30 6116 [Note] InnoDB: Reading tablespace information from the .ibd files...
2021-12-06 09:10:31 6116 [Note] InnoDB: Restoring possible half-written data pages 
2021-12-06 09:10:31 6116 [Note] InnoDB: from the doublewrite buffer...
2021-12-06 09:10:32 6116 [Note] InnoDB: 128 rollback segment(s) are active.
2021-12-06 09:10:32 6116 [Note] InnoDB: Waiting for purge to start
2021-12-06 09:10:32 6116 [Note] InnoDB: 5.6.13 started; log sequence number 1634605
2021-12-06 09:10:32 6116 [Note] Server hostname (bind-address): '*'; port: 3307
2021-12-06 09:10:32 6116 [Note] IPv6 is available.
2021-12-06 09:10:32 6116 [Note]   - '::' resolves to '::';
2021-12-06 09:10:32 6116 [Note] Server socket created on IP: '::'.
2021-12-13 08:14:18 1192 [Note] Plugin 'FEDERATED' is disabled.
2021-12-13 08:14:18 1192 [Note] InnoDB: The InnoDB memory heap is disabled
2021-12-13 08:14:18 1192 [Note] InnoDB: Mutexes and rw_locks use Windows interlocked functions
2021-12-13 08:14:18 1192 [Note] InnoDB: Compressed tables use zlib 1.2.3
2021-12-13 08:14:18 1192 [Note] InnoDB: Not using CPU crc32 instructions
2021-12-13 08:14:18 1192 [Note] InnoDB: Initializing buffer pool, size = 128.0M
2021-12-13 08:14:18 1192 [Note] InnoDB: Completed initialization of buffer pool
2021-12-13 08:14:18 1192 [Note] InnoDB: Highest supported file format is Barracuda.
2021-12-13 08:14:18 1192 [Note] InnoDB: The log sequence numbers 1626134 and 1626134 in ibdata files do not match the log sequence number 1640828 in the ib_logfiles!
2021-12-13 08:14:18 1192 [Note] InnoDB: Database was not shutdown normally!
2021-12-13 08:14:18 1192 [Note] InnoDB: Starting crash recovery.
2021-12-13 08:14:18 1192 [Note] InnoDB: Reading tablespace information from the .ibd files...
2021-12-13 08:14:18 1192 [Note] InnoDB: Restoring possible half-written data pages 
2021-12-13 08:14:18 1192 [Note] InnoDB: from the doublewrite buffer...
2021-12-13 08:14:19 1192 [Note] InnoDB: 128 rollback segment(s) are active.
2021-12-13 08:14:19 1192 [Note] InnoDB: Waiting for purge to start
2021-12-13 08:14:19 1192 [Note] InnoDB: 5.6.13 started; log sequence number 1640828
2021-12-13 08:14:19 1192 [Note] Server hostname (bind-address): '*'; port: 3307
2021-12-13 08:14:19 1192 [Note] IPv6 is available.
2021-12-13 08:14:19 1192 [Note]   - '::' resolves to '::';
2021-12-13 08:14:19 1192 [Note] Server socket created on IP: '::'.
2021-12-13 08:48:13 12632 [Note] Plugin 'FEDERATED' is disabled.
2021-12-13 08:48:13 12632 [Note] InnoDB: The InnoDB memory heap is disabled
2021-12-13 08:48:13 12632 [Note] InnoDB: Mutexes and rw_locks use Windows interlocked functions
2021-12-13 08:48:13 12632 [Note] InnoDB: Compressed tables use zlib 1.2.3
2021-12-13 08:48:13 12632 [Note] InnoDB: Not using CPU crc32 instructions
2021-12-13 08:48:13 12632 [Note] InnoDB: Initializing buffer pool, size = 128.0M
2021-12-13 08:48:13 12632 [Note] InnoDB: Completed initialization of buffer pool
2021-12-13 08:48:13 12632 [Note] InnoDB: Highest supported file format is Barracuda.
2021-12-13 08:48:14 12632 [Note] InnoDB: The log sequence numbers 1626134 and 1626134 in ibdata files do not match the log sequence number 1650224 in the ib_logfiles!
2021-12-13 08:48:14 12632 [Note] InnoDB: Database was not shutdown normally!
2021-12-13 08:48:14 12632 [Note] InnoDB: Starting crash recovery.
2021-12-13 08:48:14 12632 [Note] InnoDB: Reading tablespace information from the .ibd files...
2021-12-13 08:48:14 12632 [Note] InnoDB: Restoring possible half-written data pages 
2021-12-13 08:48:14 12632 [Note] InnoDB: from the doublewrite buffer...
2021-12-13 08:48:14 12632 [Note] InnoDB: 128 rollback segment(s) are active.
2021-12-13 08:48:14 12632 [Note] InnoDB: Waiting for purge to start
2021-12-13 08:48:14 12632 [Note] InnoDB: 5.6.13 started; log sequence number 1650224
2021-12-13 08:48:14 12632 [Note] Server hostname (bind-address): '*'; port: 3307
2021-12-13 08:48:14 12632 [Note] IPv6 is available.
2021-12-13 08:48:14 12632 [Note]   - '::' resolves to '::';
2021-12-13 08:48:14 12632 [Note] Server socket created on IP: '::'.
2021-12-13 09:01:52 5388 [Note] Plugin 'FEDERATED' is disabled.
2021-12-13 09:01:52 5388 [Note] InnoDB: The InnoDB memory heap is disabled
2021-12-13 09:01:52 5388 [Note] InnoDB: Mutexes and rw_locks use Windows interlocked functions
2021-12-13 09:01:52 5388 [Note] InnoDB: Compressed tables use zlib 1.2.3
2021-12-13 09:01:52 5388 [Note] InnoDB: Not using CPU crc32 instructions
2021-12-13 09:01:52 5388 [Note] InnoDB: Initializing buffer pool, size = 128.0M
2021-12-13 09:01:52 5388 [Note] InnoDB: Completed initialization of buffer pool
2021-12-13 09:01:52 5388 [Note] InnoDB: Highest supported file format is Barracuda.
2021-12-13 09:01:52 5388 [Note] InnoDB: The log sequence numbers 1626134 and 1626134 in ibdata files do not match the log sequence number 1661055 in the ib_logfiles!
2021-12-13 09:01:52 5388 [Note] InnoDB: Database was not shutdown normally!
2021-12-13 09:01:52 5388 [Note] InnoDB: Starting crash recovery.
2021-12-13 09:01:52 5388 [Note] InnoDB: Reading tablespace information from the .ibd files...
2021-12-13 09:01:52 5388 [Note] InnoDB: Restoring possible half-written data pages 
2021-12-13 09:01:52 5388 [Note] InnoDB: from the doublewrite buffer...
2021-12-13 09:01:52 5388 [Note] InnoDB: 128 rollback segment(s) are active.
2021-12-13 09:01:52 5388 [Note] InnoDB: Waiting for purge to start
2021-12-13 09:01:53 5388 [Note] InnoDB: 5.6.13 started; log sequence number 1661055
2021-12-13 09:01:53 5388 [Note] Server hostname (bind-address): '*'; port: 3307
2021-12-13 09:01:53 5388 [Note] IPv6 is available.
2021-12-13 09:01:53 5388 [Note]   - '::' resolves to '::';
2021-12-13 09:01:53 5388 [Note] Server socket created on IP: '::'.
2021-12-13 09:04:26 10588 [Note] Plugin 'FEDERATED' is disabled.
2021-12-13 09:04:26 10588 [Note] InnoDB: The InnoDB memory heap is disabled
2021-12-13 09:04:26 10588 [Note] InnoDB: Mutexes and rw_locks use Windows interlocked functions
2021-12-13 09:04:26 10588 [Note] InnoDB: Compressed tables use zlib 1.2.3
2021-12-13 09:04:26 10588 [Note] InnoDB: Not using CPU crc32 instructions
2021-12-13 09:04:26 10588 [Note] InnoDB: Initializing buffer pool, size = 128.0M
2021-12-13 09:04:26 10588 [Note] InnoDB: Completed initialization of buffer pool
2021-12-13 09:04:26 10588 [Note] InnoDB: Highest supported file format is Barracuda.
2021-12-13 09:04:26 10588 [Note] InnoDB: The log sequence numbers 1626134 and 1626134 in ibdata files do not match the log sequence number 1661065 in the ib_logfiles!
2021-12-13 09:04:26 10588 [Note] InnoDB: Database was not shutdown normally!
2021-12-13 09:04:26 10588 [Note] InnoDB: Starting crash recovery.
2021-12-13 09:04:26 10588 [Note] InnoDB: Reading tablespace information from the .ibd files...
2021-12-13 09:04:26 10588 [Note] InnoDB: Restoring possible half-written data pages 
2021-12-13 09:04:26 10588 [Note] InnoDB: from the doublewrite buffer...
2021-12-13 09:04:26 10588 [Note] InnoDB: 128 rollback segment(s) are active.
2021-12-13 09:04:26 10588 [Note] InnoDB: Waiting for purge to start
2021-12-13 09:04:26 10588 [Note] InnoDB: 5.6.13 started; log sequence number 1661065
2021-12-13 09:04:26 10588 [Note] Server hostname (bind-address): '*'; port: 3307
2021-12-13 09:04:26 10588 [Note] IPv6 is available.
2021-12-13 09:04:26 10588 [Note]   - '::' resolves to '::';
2021-12-13 09:04:26 10588 [Note] Server socket created on IP: '::'.
2021-12-13 10:44:22 11424 [Note] Plugin 'FEDERATED' is disabled.
2021-12-13 10:44:22 11424 [Note] InnoDB: The InnoDB memory heap is disabled
2021-12-13 10:44:22 11424 [Note] InnoDB: Mutexes and rw_locks use Windows interlocked functions
2021-12-13 10:44:22 11424 [Note] InnoDB: Compressed tables use zlib 1.2.3
2021-12-13 10:44:22 11424 [Note] InnoDB: Not using CPU crc32 instructions
2021-12-13 10:44:22 11424 [Note] InnoDB: Initializing buffer pool, size = 128.0M
2021-12-13 10:44:22 11424 [Note] InnoDB: Completed initialization of buffer pool
2021-12-13 10:44:22 11424 [Note] InnoDB: Highest supported file format is Barracuda.
2021-12-13 10:44:22 11424 [Note] InnoDB: The log sequence numbers 1626134 and 1626134 in ibdata files do not match the log sequence number 1665659 in the ib_logfiles!
2021-12-13 10:44:22 11424 [Note] InnoDB: Database was not shutdown normally!
2021-12-13 10:44:22 11424 [Note] InnoDB: Starting crash recovery.
2021-12-13 10:44:22 11424 [Note] InnoDB: Reading tablespace information from the .ibd files...
2021-12-13 10:44:22 11424 [Note] InnoDB: Restoring possible half-written data pages 
2021-12-13 10:44:22 11424 [Note] InnoDB: from the doublewrite buffer...
2021-12-13 10:44:23 11424 [Note] InnoDB: 128 rollback segment(s) are active.
2021-12-13 10:44:23 11424 [Note] InnoDB: Waiting for purge to start
2021-12-13 10:44:23 11424 [Note] InnoDB: 5.6.13 started; log sequence number 1665659
2021-12-13 10:44:23 11424 [Note] Server hostname (bind-address): '*'; port: 3307
2021-12-13 10:44:23 11424 [Note] IPv6 is available.
2021-12-13 10:44:23 11424 [Note]   - '::' resolves to '::';
2021-12-13 10:44:23 11424 [Note] Server socket created on IP: '::'.
2021-12-13 10:58:58 13360 [Note] Plugin 'FEDERATED' is disabled.
2021-12-13 10:58:58 13360 [Note] InnoDB: The InnoDB memory heap is disabled
2021-12-13 10:58:58 13360 [Note] InnoDB: Mutexes and rw_locks use Windows interlocked functions
2021-12-13 10:58:58 13360 [Note] InnoDB: Compressed tables use zlib 1.2.3
2021-12-13 10:58:58 13360 [Note] InnoDB: Not using CPU crc32 instructions
2021-12-13 10:58:58 13360 [Note] InnoDB: Initializing buffer pool, size = 128.0M
2021-12-13 10:58:58 13360 [Note] InnoDB: Completed initialization of buffer pool
2021-12-13 10:58:59 13360 [Note] InnoDB: Highest supported file format is Barracuda.
2021-12-13 10:58:59 13360 [Note] InnoDB: The log sequence numbers 1626134 and 1626134 in ibdata files do not match the log sequence number 1665669 in the ib_logfiles!
2021-12-13 10:58:59 13360 [Note] InnoDB: Database was not shutdown normally!
2021-12-13 10:58:59 13360 [Note] InnoDB: Starting crash recovery.
2021-12-13 10:58:59 13360 [Note] InnoDB: Reading tablespace information from the .ibd files...
2021-12-13 10:58:59 13360 [Note] InnoDB: Restoring possible half-written data pages 
2021-12-13 10:58:59 13360 [Note] InnoDB: from the doublewrite buffer...
2021-12-13 10:58:59 13360 [Note] InnoDB: 128 rollback segment(s) are active.
2021-12-13 10:58:59 13360 [Note] InnoDB: Waiting for purge to start
2021-12-13 10:59:00 13360 [Note] InnoDB: 5.6.13 started; log sequence number 1665669
2021-12-13 10:59:00 13360 [Note] Server hostname (bind-address): '*'; port: 3307
2021-12-13 10:59:00 13360 [Note] IPv6 is available.
2021-12-13 10:59:00 13360 [Note]   - '::' resolves to '::';
2021-12-13 10:59:00 13360 [Note] Server socket created on IP: '::'.
2021-12-13 11:06:14 12636 [Note] Plugin 'FEDERATED' is disabled.
2021-12-13 11:06:14 12636 [Note] InnoDB: The InnoDB memory heap is disabled
2021-12-13 11:06:14 12636 [Note] InnoDB: Mutexes and rw_locks use Windows interlocked functions
2021-12-13 11:06:14 12636 [Note] InnoDB: Compressed tables use zlib 1.2.3
2021-12-13 11:06:14 12636 [Note] InnoDB: Not using CPU crc32 instructions
2021-12-13 11:06:14 12636 [Note] InnoDB: Initializing buffer pool, size = 128.0M
2021-12-13 11:06:14 12636 [Note] InnoDB: Completed initialization of buffer pool
2021-12-13 11:06:14 12636 [ERROR] InnoDB: C:\Users\20191TIIMI0100\Documents\GitHub\PlantoterapiaSite\USBWebserver\mysql\data\ibdata1 can't be opened in read-write mode
2021-12-13 11:06:14 12636 [ERROR] InnoDB: The system tablespace must be writable!
2021-12-13 11:06:14 12636 [ERROR] Plugin 'InnoDB' init function returned error.
2021-12-13 11:06:14 12636 [ERROR] Plugin 'InnoDB' registration as a STORAGE ENGINE failed.
2021-12-13 11:06:14 12636 [ERROR] Unknown/unsupported storage engine: InnoDB
2021-12-13 11:06:14 12636 [ERROR] Aborting

2021-12-13 11:06:14 12636 [Note] Binlog end
2021-12-13 11:06:14 12636 [Note] Shutting down plugin 'partition'
2021-12-13 11:06:14 12636 [Note] Shutting down plugin 'PERFORMANCE_SCHEMA'
2021-12-13 11:06:14 12636 [Note] Shutting down plugin 'INNODB_SYS_DATAFILES'
2021-12-13 11:06:14 12636 [Note] Shutting down plugin 'INNODB_SYS_TABLESPACES'
2021-12-13 11:06:14 12636 [Note] Shutting down plugin 'INNODB_SYS_FOREIGN_COLS'
2021-12-13 11:06:14 12636 [Note] Shutting down plugin 'INNODB_SYS_FOREIGN'
2021-12-13 11:06:14 12636 [Note] Shutting down plugin 'INNODB_SYS_FIELDS'
2021-12-13 11:06:14 12636 [Note] Shutting down plugin 'INNODB_SYS_COLUMNS'
2021-12-13 11:06:14 12636 [Note] Shutting down plugin 'INNODB_SYS_INDEXES'
2021-12-13 11:06:14 12636 [Note] Shutting down plugin 'INNODB_SYS_TABLESTATS'
2021-12-13 11:06:14 12636 [Note] Shutting down plugin 'INNODB_SYS_TABLES'
2021-12-13 11:06:14 12636 [Note] Shutting down plugin 'INNODB_FT_INDEX_TABLE'
2021-12-13 11:06:14 12636 [Note] Shutting down plugin 'INNODB_FT_INDEX_CACHE'
2021-12-13 11:06:14 12636 [Note] Shutting down plugin 'INNODB_FT_CONFIG'
2021-12-13 11:06:14 12636 [Note] Shutting down plugin 'INNODB_FT_BEING_DELETED'
2021-12-13 11:06:14 12636 [Note] Shutting down plugin 'INNODB_FT_DELETED'
2021-12-13 11:06:14 12636 [Note] Shutting down plugin 'INNODB_FT_DEFAULT_STOPWORD'
2021-12-13 11:06:14 12636 [Note] Shutting down plugin 'INNODB_METRICS'
2021-12-13 11:06:14 12636 [Note] Shutting down plugin 'INNODB_BUFFER_POOL_STATS'
2021-12-13 11:06:14 12636 [Note] Shutting down plugin 'INNODB_BUFFER_PAGE_LRU'
2021-12-13 11:06:14 12636 [Note] Shutting down plugin 'INNODB_BUFFER_PAGE'
2021-12-13 11:06:14 12636 [Note] Shutting down plugin 'INNODB_CMP_PER_INDEX_RESET'
2021-12-13 11:06:14 12636 [Note] Shutting down plugin 'INNODB_CMP_PER_INDEX'
2021-12-13 11:06:14 12636 [Note] Shutting down plugin 'INNODB_CMPMEM_RESET'
2021-12-13 11:06:14 12636 [Note] Shutting down plugin 'INNODB_CMPMEM'
2021-12-13 11:06:14 12636 [Note] Shutting down plugin 'INNODB_CMP_RESET'
2021-12-13 11:06:14 12636 [Note] Shutting down plugin 'INNODB_CMP'
2021-12-13 11:06:14 12636 [Note] Shutting down plugin 'INNODB_LOCK_WAITS'
2021-12-13 11:06:14 12636 [Note] Shutting down plugin 'INNODB_LOCKS'
2021-12-13 11:06:14 12636 [Note] Shutting down plugin 'INNODB_TRX'
2021-12-13 11:06:14 12636 [Note] Shutting down plugin 'BLACKHOLE'
2021-12-13 11:06:14 12636 [Note] Shutting down plugin 'ARCHIVE'
2021-12-13 11:06:14 12636 [Note] Shutting down plugin 'MRG_MYISAM'
2021-12-13 11:06:14 12636 [Note] Shutting down plugin 'MyISAM'
2021-12-13 11:06:14 12636 [Note] Shutting down plugin 'MEMORY'
2021-12-13 11:06:14 12636 [Note] Shutting down plugin 'CSV'
2021-12-13 11:06:14 12636 [Note] Shutting down plugin 'sha256_password'
2021-12-13 11:06:14 12636 [Note] Shutting down plugin 'mysql_old_password'
2021-12-13 11:06:14 12636 [Note] Shutting down plugin 'mysql_native_password'
2021-12-13 11:06:14 12636 [Note] Shutting down plugin 'binlog'
2021-12-13 11:06:14 12636 [Note] C:\Users\20191TIIMI0100\Documents\GitHub\PlantoterapiaSite\USBWebserver/mysql/bin/mysqld_usbwv8.exe: Shutdown complete

2021-12-13 11:07:05 6000 [Note] Plugin 'FEDERATED' is disabled.
2021-12-13 11:07:05 6000 [Note] InnoDB: The InnoDB memory heap is disabled
2021-12-13 11:07:05 6000 [Note] InnoDB: Mutexes and rw_locks use Windows interlocked functions
2021-12-13 11:07:05 6000 [Note] InnoDB: Compressed tables use zlib 1.2.3
2021-12-13 11:07:05 6000 [Note] InnoDB: Not using CPU crc32 instructions
2021-12-13 11:07:05 6000 [Note] InnoDB: Initializing buffer pool, size = 128.0M
2021-12-13 11:07:05 6000 [Note] InnoDB: Completed initialization of buffer pool
2021-12-13 11:07:05 6000 [Note] InnoDB: Highest supported file format is Barracuda.
2021-12-13 11:07:05 6000 [Note] InnoDB: The log sequence numbers 1626134 and 1626134 in ibdata files do not match the log sequence number 1665679 in the ib_logfiles!
2021-12-13 11:07:05 6000 [Note] InnoDB: Database was not shutdown normally!
2021-12-13 11:07:05 6000 [Note] InnoDB: Starting crash recovery.
2021-12-13 11:07:05 6000 [Note] InnoDB: Reading tablespace information from the .ibd files...
2021-12-13 11:07:06 6000 [Note] InnoDB: Restoring possible half-written data pages 
2021-12-13 11:07:06 6000 [Note] InnoDB: from the doublewrite buffer...
2021-12-13 11:07:06 6000 [Note] InnoDB: 128 rollback segment(s) are active.
2021-12-13 11:07:06 6000 [Note] InnoDB: Waiting for purge to start
2021-12-13 11:07:06 6000 [Note] InnoDB: 5.6.13 started; log sequence number 1665679
2021-12-13 11:07:06 6000 [Note] Server hostname (bind-address): '*'; port: 3307
2021-12-13 11:07:06 6000 [Note] IPv6 is available.
2021-12-13 11:07:06 6000 [Note]   - '::' resolves to '::';
2021-12-13 11:07:06 6000 [Note] Server socket created on IP: '::'.
2021-12-13 11:11:23 12156 [Note] Plugin 'FEDERATED' is disabled.
2021-12-13 11:11:23 12156 [Note] InnoDB: The InnoDB memory heap is disabled
2021-12-13 11:11:23 12156 [Note] InnoDB: Mutexes and rw_locks use Windows interlocked functions
2021-12-13 11:11:23 12156 [Note] InnoDB: Compressed tables use zlib 1.2.3
2021-12-13 11:11:23 12156 [Note] InnoDB: Not using CPU crc32 instructions
2021-12-13 11:11:23 12156 [Note] InnoDB: Initializing buffer pool, size = 128.0M
2021-12-13 11:11:23 12156 [Note] InnoDB: Completed initialization of buffer pool
2021-12-13 11:11:23 12156 [Note] InnoDB: Highest supported file format is Barracuda.
2021-12-13 11:11:23 12156 [Note] InnoDB: The log sequence numbers 1626134 and 1626134 in ibdata files do not match the log sequence number 1665689 in the ib_logfiles!
2021-12-13 11:11:23 12156 [Note] InnoDB: Database was not shutdown normally!
2021-12-13 11:11:23 12156 [Note] InnoDB: Starting crash recovery.
2021-12-13 11:11:23 12156 [Note] InnoDB: Reading tablespace information from the .ibd files...
2021-12-13 11:11:23 12156 [Note] InnoDB: Restoring possible half-written data pages 
2021-12-13 11:11:23 12156 [Note] InnoDB: from the doublewrite buffer...
2021-12-13 11:11:24 12156 [Note] InnoDB: 128 rollback segment(s) are active.
2021-12-13 11:11:24 12156 [Note] InnoDB: Waiting for purge to start
2021-12-13 11:11:24 12156 [Note] InnoDB: 5.6.13 started; log sequence number 1665689
2021-12-13 11:11:24 12156 [Note] Server hostname (bind-address): '*'; port: 3307
2021-12-13 11:11:24 12156 [Note] IPv6 is available.
2021-12-13 11:11:24 12156 [Note]   - '::' resolves to '::';
2021-12-13 11:11:24 12156 [Note] Server socket created on IP: '::'.
2021-12-13 11:13:06 8224 [Note] Plugin 'FEDERATED' is disabled.
2021-12-13 11:13:06 8224 [Note] InnoDB: The InnoDB memory heap is disabled
2021-12-13 11:13:06 8224 [Note] InnoDB: Mutexes and rw_locks use Windows interlocked functions
2021-12-13 11:13:06 8224 [Note] InnoDB: Compressed tables use zlib 1.2.3
2021-12-13 11:13:06 8224 [Note] InnoDB: Not using CPU crc32 instructions
2021-12-13 11:13:06 8224 [Note] InnoDB: Initializing buffer pool, size = 128.0M
2021-12-13 11:13:06 8224 [Note] InnoDB: Completed initialization of buffer pool
2021-12-13 11:13:07 8224 [Note] InnoDB: Highest supported file format is Barracuda.
2021-12-13 11:13:07 8224 [Note] InnoDB: The log sequence numbers 1626134 and 1626134 in ibdata files do not match the log sequence number 1665699 in the ib_logfiles!
2021-12-13 11:13:07 8224 [Note] InnoDB: Database was not shutdown normally!
2021-12-13 11:13:07 8224 [Note] InnoDB: Starting crash recovery.
2021-12-13 11:13:07 8224 [Note] InnoDB: Reading tablespace information from the .ibd files...
2021-12-13 11:13:07 8224 [Note] InnoDB: Restoring possible half-written data pages 
2021-12-13 11:13:07 8224 [Note] InnoDB: from the doublewrite buffer...
2021-12-13 11:13:07 8224 [Note] InnoDB: 128 rollback segment(s) are active.
2021-12-13 11:13:07 8224 [Note] InnoDB: Waiting for purge to start
2021-12-13 11:13:08 8224 [Note] InnoDB: 5.6.13 started; log sequence number 1665699
2021-12-13 11:13:08 8224 [Note] Server hostname (bind-address): '*'; port: 3307
2021-12-13 11:13:08 8224 [Note] IPv6 is available.
2021-12-13 11:13:08 8224 [Note]   - '::' resolves to '::';
2021-12-13 11:13:08 8224 [Note] Server socket created on IP: '::'.
